[INFO] Scanning for projects...
[INFO]                                                                         
[INFO] ------------------------------------------------------------------------
[INFO] Building MDSD-2017_2018-rest-api 0.0.1-SNAPSHOT
[INFO] ------------------------------------------------------------------------
[INFO] 
[INFO] >>> spring-boot-maven-plugin:1.5.9.RELEASE:run (default-cli) > test-compile @ MDSD-2017_2018-rest-api >>>
[INFO] 
[INFO] --- maven-resources-plugin:2.6:resources (default-resources) @ MDSD-2017_2018-rest-api ---
[INFO] Using 'UTF-8' encoding to copy filtered resources.
[INFO] Copying 1 resource
[INFO] Copying 0 resource
[INFO] 
[INFO] --- maven-compiler-plugin:3.1:compile (default-compile) @ MDSD-2017_2018-rest-api ---
[INFO] Nothing to compile - all classes are up to date
[INFO] 
[INFO] --- maven-resources-plugin:2.6:testResources (default-testResources) @ MDSD-2017_2018-rest-api ---
[INFO] Using 'UTF-8' encoding to copy filtered resources.
[INFO] skip non existing resourceDirectory /home/ubuntu/MDSD-2017_2018/MDSD-2017_2018-rest-api/src/test/resources
[INFO] 
[INFO] --- maven-compiler-plugin:3.1:testCompile (default-testCompile) @ MDSD-2017_2018-rest-api ---
[INFO] Nothing to compile - all classes are up to date
[INFO] 
[INFO] <<< spring-boot-maven-plugin:1.5.9.RELEASE:run (default-cli) < test-compile @ MDSD-2017_2018-rest-api <<<
[INFO] 
[INFO] --- spring-boot-maven-plugin:1.5.9.RELEASE:run (default-cli) @ MDSD-2017_2018-rest-api ---

  .   ____          _            __ _ _
 /\\ / ___'_ __ _ _(_)_ __  __ _ \ \ \ \
( ( )\___ | '_ | '_| | '_ \/ _` | \ \ \ \
 \\/  ___)| |_)| | | | | || (_| |  ) ) ) )
  '  |____| .__|_| |_|_| |_\__, | / / / /
 =========|_|==============|___/=/_/_/_/
 :: Spring Boot ::        (v1.5.9.RELEASE)

2017-12-03 22:49:55.785  INFO 26939 --- [           main] c.m.f.Mdsd20172018RestApiApplication     : Starting Mdsd20172018RestApiApplication on ip-172-31-44-107 with PID 26939 (/home/ubuntu/MDSD-2017_2018/MDSD-2017_2018-rest-api/target/classes started by ubuntu in /home/ubuntu/MDSD-2017_2018/MDSD-2017_2018-rest-api)
2017-12-03 22:49:55.798  INFO 26939 --- [           main] c.m.f.Mdsd20172018RestApiApplication     : No active profile set, falling back to default profiles: default
2017-12-03 22:49:55.933  INFO 26939 --- [           main] ationConfigEmbeddedWebApplicationContext : Refreshing org.springframework.boot.context.embedded.AnnotationConfigEmbeddedWebApplicationContext@7321bf61: startup date [Sun Dec 03 22:49:55 UTC 2017]; root of context hierarchy
2017-12-03 22:49:57.911  INFO 26939 --- [           main] o.s.b.f.xml.XmlBeanDefinitionReader      : Loading XML bean definitions from class path resource [META-INF/cxf/cxf.xml]
2017-12-03 22:49:58.672  INFO 26939 --- [           main] f.a.AutowiredAnnotationBeanPostProcessor : JSR-330 'javax.inject.Inject' annotation found and supported for autowiring
2017-12-03 22:49:59.635  INFO 26939 --- [           main] s.b.c.e.t.TomcatEmbeddedServletContainer : Tomcat initialized with port(s): 8080 (http)
2017-12-03 22:49:59.662  INFO 26939 --- [           main] o.apache.catalina.core.StandardService   : Starting service [Tomcat]
2017-12-03 22:49:59.663  INFO 26939 --- [           main] org.apache.catalina.core.StandardEngine  : Starting Servlet Engine: Apache Tomcat/8.5.23
2017-12-03 22:49:59.840  INFO 26939 --- [ost-startStop-1] o.a.c.c.C.[Tomcat].[localhost].[/]       : Initializing Spring embedded WebApplicationContext
2017-12-03 22:49:59.840  INFO 26939 --- [ost-startStop-1] o.s.web.context.ContextLoader            : Root WebApplicationContext: initialization completed in 3918 ms
2017-12-03 22:50:00.149  WARN 26939 --- [ost-startStop-1] figurationPropertiesBindingPostProcessor : The @ConfigurationProperties bean class org.apache.cxf.spring.boot.autoconfigure.CxfProperties contains validation constraints but had not been annotated with @Validated.
2017-12-03 22:50:00.153  WARN 26939 --- [ost-startStop-1] figurationPropertiesBindingPostProcessor : The @ConfigurationProperties bean class org.apache.cxf.spring.boot.autoconfigure.CxfProperties contains validation constraints but had not been annotated with @Validated.
2017-12-03 22:50:00.154  WARN 26939 --- [ost-startStop-1] figurationPropertiesBindingPostProcessor : The @ConfigurationProperties bean class org.apache.cxf.spring.boot.autoconfigure.CxfProperties contains validation constraints but had not been annotated with @Validated.
2017-12-03 22:50:00.275  INFO 26939 --- [ost-startStop-1] o.s.b.w.servlet.ServletRegistrationBean  : Mapping servlet: 'dispatcherServlet' to [/]
2017-12-03 22:50:00.277  INFO 26939 --- [ost-startStop-1] o.s.b.w.servlet.ServletRegistrationBean  : Mapping servlet: 'CXFServlet' to [/services/*]
2017-12-03 22:50:00.280  INFO 26939 --- [ost-startStop-1] o.s.b.w.servlet.FilterRegistrationBean   : Mapping filter: 'characterEncodingFilter' to: [/*]
2017-12-03 22:50:01.070  INFO 26939 --- [           main] s.w.s.m.m.a.RequestMappingHandlerMapping : Mapped "{[/api/files/file],methods=[POST]}" onto public com.mdsd_2017_2018.files.transfert.FileTransfertObject com.mdsd_2017_2018.files.rest.file.FileResource.get(com.mdsd_2017_2018.files.transfert.NameTO)
2017-12-03 22:50:01.071  INFO 26939 --- [           main] s.w.s.m.m.a.RequestMappingHandlerMapping : Mapped "{[/api/files/file],methods=[DELETE]}" onto public void com.mdsd_2017_2018.files.rest.file.FileResource.delete(com.mdsd_2017_2018.files.transfert.NameTO)
2017-12-03 22:50:01.073  INFO 26939 --- [           main] s.w.s.m.m.a.RequestMappingHandlerMapping : Mapped "{[/api/files],methods=[POST]}" onto public com.mdsd_2017_2018.files.transfert.FileTransfertObject com.mdsd_2017_2018.files.rest.file.FileRootResource.create(org.springframework.web.multipart.MultipartFile)
2017-12-03 22:50:01.074  INFO 26939 --- [           main] s.w.s.m.m.a.RequestMappingHandlerMapping : Mapped "{[/api/files],methods=[GET]}" onto public java.util.List<com.mdsd_2017_2018.files.transfert.FileTransfertObject> com.mdsd_2017_2018.files.rest.file.FileRootResource.list(java.lang.String,java.lang.Integer,java.lang.Integer)
2017-12-03 22:50:01.087  INFO 26939 --- [           main] s.w.s.m.m.a.RequestMappingHandlerMapping : Mapped "{[/swagger-resources/configuration/ui]}" onto public org.springframework.http.ResponseEntity<springfox.documentation.swagger.web.UiConfiguration> springfox.documentation.swagger.web.ApiResourceController.uiConfiguration()
2017-12-03 22:50:01.088  INFO 26939 --- [           main] s.w.s.m.m.a.RequestMappingHandlerMapping : Mapped "{[/swagger-resources]}" onto public org.springframework.http.ResponseEntity<java.util.List<springfox.documentation.swagger.web.SwaggerResource>> springfox.documentation.swagger.web.ApiResourceController.swaggerResources()
2017-12-03 22:50:01.089  INFO 26939 --- [           main] s.w.s.m.m.a.RequestMappingHandlerMapping : Mapped "{[/swagger-resources/configuration/security]}" onto public org.springframework.http.ResponseEntity<springfox.documentation.swagger.web.SecurityConfiguration> springfox.documentation.swagger.web.ApiResourceController.securityConfiguration()
2017-12-03 22:50:01.098  INFO 26939 --- [           main] s.w.s.m.m.a.RequestMappingHandlerMapping : Mapped "{[/error],produces=[text/html]}" onto public org.springframework.web.servlet.ModelAndView org.springframework.boot.autoconfigure.web.BasicErrorController.errorHtml(javax.servlet.http.HttpServletRequest,javax.servlet.http.HttpServletResponse)
2017-12-03 22:50:01.099  INFO 26939 --- [           main] s.w.s.m.m.a.RequestMappingHandlerMapping : Mapped "{[/error]}" onto public org.springframework.http.ResponseEntity<java.util.Map<java.lang.String, java.lang.Object>> org.springframework.boot.autoconfigure.web.BasicErrorController.error(javax.servlet.http.HttpServletRequest)
2017-12-03 22:50:01.382  INFO 26939 --- [           main] pertySourcedRequestMappingHandlerMapping : Mapped URL path [/v2/api-docs] onto method [public org.springframework.http.ResponseEntity<springfox.documentation.spring.web.json.Json> springfox.documentation.swagger2.web.Swagger2Controller.getDocumentation(java.lang.String,javax.servlet.http.HttpServletRequest)]
2017-12-03 22:50:01.465  INFO 26939 --- [           main] o.s.w.s.handler.SimpleUrlHandlerMapping  : Mapped URL path [/swagger-ui.html] onto handler of type [class org.springframework.web.servlet.resource.ResourceHttpRequestHandler]
2017-12-03 22:50:01.466  INFO 26939 --- [           main] o.s.w.s.handler.SimpleUrlHandlerMapping  : Mapped URL path [/webjars/**] onto handler of type [class org.springframework.web.servlet.resource.ResourceHttpRequestHandler]
2017-12-03 22:50:01.562  INFO 26939 --- [           main] s.w.s.m.m.a.RequestMappingHandlerAdapter : Looking for @ControllerAdvice: org.springframework.boot.context.embedded.AnnotationConfigEmbeddedWebApplicationContext@7321bf61: startup date [Sun Dec 03 22:49:55 UTC 2017]; root of context hierarchy
2017-12-03 22:50:02.332  INFO 26939 --- [           main] o.s.j.e.a.AnnotationMBeanExporter        : Registering beans for JMX exposure on startup
2017-12-03 22:50:02.358  INFO 26939 --- [           main] o.s.c.support.DefaultLifecycleProcessor  : Starting beans in phase 2147483647
2017-12-03 22:50:02.359  INFO 26939 --- [           main] d.s.w.p.DocumentationPluginsBootstrapper : Context refreshed
2017-12-03 22:50:02.399  INFO 26939 --- [           main] d.s.w.p.DocumentationPluginsBootstrapper : Found 1 custom documentation plugin(s)
2017-12-03 22:50:02.539  INFO 26939 --- [           main] s.d.s.w.s.ApiListingReferenceScanner     : Scanning for api listing references
2017-12-03 22:50:03.232  INFO 26939 --- [           main] s.b.c.e.t.TomcatEmbeddedServletContainer : Tomcat started on port(s): 8080 (http)
2017-12-03 22:50:03.246  INFO 26939 --- [           main] c.m.f.Mdsd20172018RestApiApplication     : Started Mdsd20172018RestApiApplication in 8.119 seconds (JVM running for 15.867)
2017-12-03 22:50:04.738  INFO 26939 --- [nio-8080-exec-2] o.a.c.c.C.[Tomcat].[localhost].[/]       : Initializing Spring FrameworkServlet 'dispatcherServlet'
2017-12-03 22:50:04.739  INFO 26939 --- [nio-8080-exec-2] o.s.web.servlet.DispatcherServlet        : FrameworkServlet 'dispatcherServlet': initialization started
2017-12-03 22:50:04.768  INFO 26939 --- [nio-8080-exec-2] o.s.web.servlet.DispatcherServlet        : FrameworkServlet 'dispatcherServlet': initialization completed in 29 ms
2017-12-03 23:35:31.324  WARN 26939 --- [nio-8080-exec-5] o.s.web.servlet.PageNotFound             : No mapping found for HTTP request with URI [/] in DispatcherServlet with name 'dispatcherServlet'
2017-12-04 06:54:35.652  WARN 26939 --- [nio-8080-exec-8] o.s.web.servlet.PageNotFound             : No mapping found for HTTP request with URI [/] in DispatcherServlet with name 'dispatcherServlet'
2017-12-04 06:54:36.185  WARN 26939 --- [io-8080-exec-10] o.s.web.servlet.PageNotFound             : No mapping found for HTTP request with URI [/login.action] in DispatcherServlet with name 'dispatcherServlet'
2017-12-04 06:54:39.593  WARN 26939 --- [nio-8080-exec-9] o.s.web.servlet.PageNotFound             : No mapping found for HTTP request with URI [/index.action] in DispatcherServlet with name 'dispatcherServlet'
2017-12-04 06:54:40.108  WARN 26939 --- [nio-8080-exec-3] o.s.web.servlet.PageNotFound             : No mapping found for HTTP request with URI [/index.htm] in DispatcherServlet with name 'dispatcherServlet'
2017-12-04 06:54:41.208  WARN 26939 --- [nio-8080-exec-1] o.s.web.servlet.PageNotFound             : No mapping found for HTTP request with URI [/index.html] in DispatcherServlet with name 'dispatcherServlet'
2017-12-04 06:54:55.388  WARN 26939 --- [nio-8080-exec-8] o.s.web.servlet.PageNotFound             : No mapping found for HTTP request with URI [/index.jsp] in DispatcherServlet with name 'dispatcherServlet'
2017-12-04 08:39:00.298  WARN 26939 --- [nio-8080-exec-6] o.s.web.servlet.PageNotFound             : No mapping found for HTTP request with URI [/] in DispatcherServlet with name 'dispatcherServlet'
2017-12-04 09:11:52.330  WARN 26939 --- [io-8080-exec-10] o.s.web.servlet.PageNotFound             : No mapping found for HTTP request with URI [/] in DispatcherServlet with name 'dispatcherServlet'
2017-12-04 09:11:52.584  WARN 26939 --- [nio-8080-exec-9] o.s.web.servlet.PageNotFound             : No mapping found for HTTP request with URI [/] in DispatcherServlet with name 'dispatcherServlet'
2017-12-04 14:40:26.280  WARN 26939 --- [nio-8080-exec-6] o.s.web.servlet.PageNotFound             : No mapping found for HTTP request with URI [/] in DispatcherServlet with name 'dispatcherServlet'
2017-12-04 15:35:20.345  WARN 26939 --- [nio-8080-exec-5] o.s.web.servlet.PageNotFound             : No mapping found for HTTP request with URI [/] in DispatcherServlet with name 'dispatcherServlet'
2017-12-04 15:35:20.824  WARN 26939 --- [nio-8080-exec-7] o.s.web.servlet.PageNotFound             : No mapping found for HTTP request with URI [/login.action] in DispatcherServlet with name 'dispatcherServlet'
2017-12-04 15:35:21.319  WARN 26939 --- [nio-8080-exec-8] o.s.web.servlet.PageNotFound             : No mapping found for HTTP request with URI [/index.action] in DispatcherServlet with name 'dispatcherServlet'
2017-12-04 15:35:21.815  WARN 26939 --- [nio-8080-exec-3] o.s.web.servlet.PageNotFound             : No mapping found for HTTP request with URI [/index.htm] in DispatcherServlet with name 'dispatcherServlet'
2017-12-04 15:35:22.296  WARN 26939 --- [nio-8080-exec-6] o.s.web.servlet.PageNotFound             : No mapping found for HTTP request with URI [/index.html] in DispatcherServlet with name 'dispatcherServlet'
2017-12-04 15:35:22.779  WARN 26939 --- [nio-8080-exec-5] o.s.web.servlet.PageNotFound             : No mapping found for HTTP request with URI [/index.jsp] in DispatcherServlet with name 'dispatcherServlet'
2017-12-04 17:12:17.589  WARN 26939 --- [nio-8080-exec-6] o.s.web.servlet.PageNotFound             : No mapping found for HTTP request with URI [/manager/html] in DispatcherServlet with name 'dispatcherServlet'
2017-12-04 18:53:31.689  WARN 26939 --- [nio-8080-exec-1] o.s.web.servlet.PageNotFound             : No mapping found for HTTP request with URI [/] in DispatcherServlet with name 'dispatcherServlet'
2017-12-04 18:53:35.933  INFO 26939 --- [nio-8080-exec-5] o.apache.coyote.http11.Http11Processor   : Error parsing HTTP request header
 Note: further occurrences of HTTP header parsing errors will be logged at DEBUG level.

java.lang.IllegalArgumentException: Invalid character found in method name. HTTP method names must be tokens
	at org.apache.coyote.http11.Http11InputBuffer.parseRequestLine(Http11InputBuffer.java:426) ~[tomcat-embed-core-8.5.23.jar:8.5.23]
	at org.apache.coyote.http11.Http11Processor.service(Http11Processor.java:687) ~[tomcat-embed-core-8.5.23.jar:8.5.23]
	at org.apache.coyote.AbstractProcessorLight.process(AbstractProcessorLight.java:66) [tomcat-embed-core-8.5.23.jar:8.5.23]
	at org.apache.coyote.AbstractProtocol$ConnectionHandler.process(AbstractProtocol.java:868) [tomcat-embed-core-8.5.23.jar:8.5.23]
	at org.apache.tomcat.util.net.NioEndpoint$SocketProcessor.doRun(NioEndpoint.java:1459) [tomcat-embed-core-8.5.23.jar:8.5.23]
	at org.apache.tomcat.util.net.SocketProcessorBase.run(SocketProcessorBase.java:49) [tomcat-embed-core-8.5.23.jar:8.5.23]
	at java.util.concurrent.ThreadPoolExecutor.runWorker(ThreadPoolExecutor.java:1149) [na:1.8.0_151]
	at java.util.concurrent.ThreadPoolExecutor$Worker.run(ThreadPoolExecutor.java:624) [na:1.8.0_151]
	at org.apache.tomcat.util.threads.TaskThread$WrappingRunnable.run(TaskThread.java:61) [tomcat-embed-core-8.5.23.jar:8.5.23]
	at java.lang.Thread.run(Thread.java:748) [na:1.8.0_151]

2017-12-04 18:53:36.440  WARN 26939 --- [nio-8080-exec-3] o.s.web.servlet.PageNotFound             : No mapping found for HTTP request with URI [/login/] in DispatcherServlet with name 'dispatcherServlet'
2017-12-04 18:53:36.696  WARN 26939 --- [nio-8080-exec-2] o.s.web.servlet.PageNotFound             : No mapping found for HTTP request with URI [/login/] in DispatcherServlet with name 'dispatcherServlet'
2017-12-04 19:03:23.124  WARN 26939 --- [nio-8080-exec-9] o.s.web.servlet.PageNotFound             : No mapping found for HTTP request with URI [/] in DispatcherServlet with name 'dispatcherServlet'
2017-12-04 19:03:24.086  WARN 26939 --- [nio-8080-exec-8] o.s.web.servlet.PageNotFound             : No mapping found for HTTP request with URI [/login/] in DispatcherServlet with name 'dispatcherServlet'
2017-12-04 19:03:24.796  WARN 26939 --- [nio-8080-exec-7] o.s.web.servlet.PageNotFound             : No mapping found for HTTP request with URI [/login/] in DispatcherServlet with name 'dispatcherServlet'
2017-12-04 21:25:33.652  WARN 26939 --- [nio-8080-exec-5] o.s.web.servlet.PageNotFound             : No mapping found for HTTP request with URI [/] in DispatcherServlet with name 'dispatcherServlet'
2017-12-04 21:25:37.307  WARN 26939 --- [nio-8080-exec-7] o.s.web.servlet.PageNotFound             : No mapping found for HTTP request with URI [/] in DispatcherServlet with name 'dispatcherServlet'
2017-12-04 21:25:37.870  WARN 26939 --- [nio-8080-exec-9] o.s.web.servlet.PageNotFound             : No mapping found for HTTP request with URI [/] in DispatcherServlet with name 'dispatcherServlet'
2017-12-04 21:25:38.212  WARN 26939 --- [nio-8080-exec-8] o.s.web.servlet.PageNotFound             : No mapping found for HTTP request with URI [/] in DispatcherServlet with name 'dispatcherServlet'
2017-12-04 21:25:40.036  WARN 26939 --- [io-8080-exec-10] o.s.web.servlet.PageNotFound             : No mapping found for HTTP request with URI [/english/] in DispatcherServlet with name 'dispatcherServlet'
2017-12-04 21:25:40.158  WARN 26939 --- [nio-8080-exec-4] o.s.web.servlet.PageNotFound             : No mapping found for HTTP request with URI [/] in DispatcherServlet with name 'dispatcherServlet'
2017-12-04 21:25:40.933  WARN 26939 --- [nio-8080-exec-3] o.s.web.servlet.PageNotFound             : No mapping found for HTTP request with URI [/] in DispatcherServlet with name 'dispatcherServlet'
2017-12-05 05:11:13.149  WARN 26939 --- [nio-8080-exec-7] o.s.web.servlet.PageNotFound             : No mapping found for HTTP request with URI [/manager/html] in DispatcherServlet with name 'dispatcherServlet'
2017-12-05 11:24:09.679  WARN 26939 --- [nio-8080-exec-8] o.s.web.servlet.PageNotFound             : No mapping found for HTTP request with URI [/manager/html] in DispatcherServlet with name 'dispatcherServlet'
2017-12-05 14:32:17.173  WARN 26939 --- [io-8080-exec-10] o.s.web.servlet.PageNotFound             : No mapping found for HTTP request with URI [/manager/html] in DispatcherServlet with name 'dispatcherServlet'
2017-12-05 15:06:22.519  WARN 26939 --- [nio-8080-exec-3] o.s.web.servlet.PageNotFound             : No mapping found for HTTP request with URI [/] in DispatcherServlet with name 'dispatcherServlet'
[INFO] Scanning for projects...
[INFO]                                                                         
[INFO] ------------------------------------------------------------------------
[INFO] Building MDSD-2017_2018-rest-api 0.0.1-SNAPSHOT
[INFO] ------------------------------------------------------------------------
[INFO] 
[INFO] >>> spring-boot-maven-plugin:1.5.9.RELEASE:run (default-cli) > test-compile @ MDSD-2017_2018-rest-api >>>
[INFO] 
[INFO] --- maven-resources-plugin:2.6:resources (default-resources) @ MDSD-2017_2018-rest-api ---
[INFO] Using 'UTF-8' encoding to copy filtered resources.
[INFO] Copying 1 resource
[INFO] Copying 0 resource
[INFO] 
[INFO] --- maven-compiler-plugin:3.1:compile (default-compile) @ MDSD-2017_2018-rest-api ---
[INFO] Nothing to compile - all classes are up to date
[INFO] 
[INFO] --- maven-resources-plugin:2.6:testResources (default-testResources) @ MDSD-2017_2018-rest-api ---
[INFO] Using 'UTF-8' encoding to copy filtered resources.
[INFO] skip non existing resourceDirectory /home/ubuntu/MDSD-2017_2018/MDSD-2017_2018-rest-api/src/test/resources
[INFO] 
[INFO] --- maven-compiler-plugin:3.1:testCompile (default-testCompile) @ MDSD-2017_2018-rest-api ---
[INFO] Nothing to compile - all classes are up to date
[INFO] 
[INFO] <<< spring-boot-maven-plugin:1.5.9.RELEASE:run (default-cli) < test-compile @ MDSD-2017_2018-rest-api <<<
[INFO] 
[INFO] --- spring-boot-maven-plugin:1.5.9.RELEASE:run (default-cli) @ MDSD-2017_2018-rest-api ---

  .   ____          _            __ _ _
 /\\ / ___'_ __ _ _(_)_ __  __ _ \ \ \ \
( ( )\___ | '_ | '_| | '_ \/ _` | \ \ \ \
 \\/  ___)| |_)| | | | | || (_| |  ) ) ) )
  '  |____| .__|_| |_|_| |_\__, | / / / /
 =========|_|==============|___/=/_/_/_/
 :: Spring Boot ::        (v1.5.9.RELEASE)

2017-12-05 18:14:00.272  INFO 29922 --- [           main] c.m.f.Mdsd20172018RestApiApplication     : Starting Mdsd20172018RestApiApplication on ip-172-31-44-107 with PID 29922 (/home/ubuntu/MDSD-2017_2018/MDSD-2017_2018-rest-api/target/classes started by ubuntu in /home/ubuntu/MDSD-2017_2018/MDSD-2017_2018-rest-api)
2017-12-05 18:14:00.275  INFO 29922 --- [           main] c.m.f.Mdsd20172018RestApiApplication     : No active profile set, falling back to default profiles: default
2017-12-05 18:14:00.399  INFO 29922 --- [           main] ationConfigEmbeddedWebApplicationContext : Refreshing org.springframework.boot.context.embedded.AnnotationConfigEmbeddedWebApplicationContext@7321bf61: startup date [Tue Dec 05 18:14:00 UTC 2017]; root of context hierarchy
2017-12-05 18:14:02.505  INFO 29922 --- [           main] o.s.b.f.xml.XmlBeanDefinitionReader      : Loading XML bean definitions from class path resource [META-INF/cxf/cxf.xml]
2017-12-05 18:14:03.233  INFO 29922 --- [           main] f.a.AutowiredAnnotationBeanPostProcessor : JSR-330 'javax.inject.Inject' annotation found and supported for autowiring
2017-12-05 18:14:04.172  INFO 29922 --- [           main] s.b.c.e.t.TomcatEmbeddedServletContainer : Tomcat initialized with port(s): 8080 (http)
2017-12-05 18:14:04.202  INFO 29922 --- [           main] o.apache.catalina.core.StandardService   : Starting service [Tomcat]
2017-12-05 18:14:04.203  INFO 29922 --- [           main] org.apache.catalina.core.StandardEngine  : Starting Servlet Engine: Apache Tomcat/8.5.23
2017-12-05 18:14:04.434  INFO 29922 --- [ost-startStop-1] o.a.c.c.C.[Tomcat].[localhost].[/]       : Initializing Spring embedded WebApplicationContext
2017-12-05 18:14:04.435  INFO 29922 --- [ost-startStop-1] o.s.web.context.ContextLoader            : Root WebApplicationContext: initialization completed in 4047 ms
2017-12-05 18:14:04.717  WARN 29922 --- [ost-startStop-1] figurationPropertiesBindingPostProcessor : The @ConfigurationProperties bean class org.apache.cxf.spring.boot.autoconfigure.CxfProperties contains validation constraints but had not been annotated with @Validated.
2017-12-05 18:14:04.721  WARN 29922 --- [ost-startStop-1] figurationPropertiesBindingPostProcessor : The @ConfigurationProperties bean class org.apache.cxf.spring.boot.autoconfigure.CxfProperties contains validation constraints but had not been annotated with @Validated.
2017-12-05 18:14:04.722  WARN 29922 --- [ost-startStop-1] figurationPropertiesBindingPostProcessor : The @ConfigurationProperties bean class org.apache.cxf.spring.boot.autoconfigure.CxfProperties contains validation constraints but had not been annotated with @Validated.
2017-12-05 18:14:04.814  INFO 29922 --- [ost-startStop-1] o.s.b.w.servlet.ServletRegistrationBean  : Mapping servlet: 'dispatcherServlet' to [/]
2017-12-05 18:14:04.823  INFO 29922 --- [ost-startStop-1] o.s.b.w.servlet.ServletRegistrationBean  : Mapping servlet: 'CXFServlet' to [/services/*]
2017-12-05 18:14:04.852  INFO 29922 --- [ost-startStop-1] o.s.b.w.servlet.FilterRegistrationBean   : Mapping filter: 'characterEncodingFilter' to: [/*]
2017-12-05 18:14:05.615  INFO 29922 --- [           main] s.w.s.m.m.a.RequestMappingHandlerMapping : Mapped "{[/api/files/file],methods=[POST]}" onto public com.mdsd_2017_2018.files.transfert.FileTransfertObject com.mdsd_2017_2018.files.rest.file.FileResource.get(com.mdsd_2017_2018.files.transfert.NameTO)
2017-12-05 18:14:05.616  INFO 29922 --- [           main] s.w.s.m.m.a.RequestMappingHandlerMapping : Mapped "{[/api/files/file],methods=[DELETE]}" onto public void com.mdsd_2017_2018.files.rest.file.FileResource.delete(com.mdsd_2017_2018.files.transfert.NameTO)
2017-12-05 18:14:05.622  INFO 29922 --- [           main] s.w.s.m.m.a.RequestMappingHandlerMapping : Mapped "{[/api/files],methods=[POST]}" onto public com.mdsd_2017_2018.files.transfert.FileTransfertObject com.mdsd_2017_2018.files.rest.file.FileRootResource.create(org.springframework.web.multipart.MultipartFile)
2017-12-05 18:14:05.623  INFO 29922 --- [           main] s.w.s.m.m.a.RequestMappingHandlerMapping : Mapped "{[/api/files],methods=[GET]}" onto public java.util.List<com.mdsd_2017_2018.files.transfert.FileTransfertObject> com.mdsd_2017_2018.files.rest.file.FileRootResource.list(java.lang.String,java.lang.Integer,java.lang.Integer)
2017-12-05 18:14:05.631  INFO 29922 --- [           main] s.w.s.m.m.a.RequestMappingHandlerMapping : Mapped "{[/swagger-resources/configuration/ui]}" onto public org.springframework.http.ResponseEntity<springfox.documentation.swagger.web.UiConfiguration> springfox.documentation.swagger.web.ApiResourceController.uiConfiguration()
2017-12-05 18:14:05.631  INFO 29922 --- [           main] s.w.s.m.m.a.RequestMappingHandlerMapping : Mapped "{[/swagger-resources]}" onto public org.springframework.http.ResponseEntity<java.util.List<springfox.documentation.swagger.web.SwaggerResource>> springfox.documentation.swagger.web.ApiResourceController.swaggerResources()
2017-12-05 18:14:05.638  INFO 29922 --- [           main] s.w.s.m.m.a.RequestMappingHandlerMapping : Mapped "{[/swagger-resources/configuration/security]}" onto public org.springframework.http.ResponseEntity<springfox.documentation.swagger.web.SecurityConfiguration> springfox.documentation.swagger.web.ApiResourceController.securityConfiguration()
2017-12-05 18:14:05.646  INFO 29922 --- [           main] s.w.s.m.m.a.RequestMappingHandlerMapping : Mapped "{[/error],produces=[text/html]}" onto public org.springframework.web.servlet.ModelAndView org.springframework.boot.autoconfigure.web.BasicErrorController.errorHtml(javax.servlet.http.HttpServletRequest,javax.servlet.http.HttpServletResponse)
2017-12-05 18:14:05.647  INFO 29922 --- [           main] s.w.s.m.m.a.RequestMappingHandlerMapping : Mapped "{[/error]}" onto public org.springframework.http.ResponseEntity<java.util.Map<java.lang.String, java.lang.Object>> org.springframework.boot.autoconfigure.web.BasicErrorController.error(javax.servlet.http.HttpServletRequest)
2017-12-05 18:14:05.904  INFO 29922 --- [           main] pertySourcedRequestMappingHandlerMapping : Mapped URL path [/v2/api-docs] onto method [public org.springframework.http.ResponseEntity<springfox.documentation.spring.web.json.Json> springfox.documentation.swagger2.web.Swagger2Controller.getDocumentation(java.lang.String,javax.servlet.http.HttpServletRequest)]
2017-12-05 18:14:05.980  INFO 29922 --- [           main] o.s.w.s.handler.SimpleUrlHandlerMapping  : Mapped URL path [/swagger-ui.html] onto handler of type [class org.springframework.web.servlet.resource.ResourceHttpRequestHandler]
2017-12-05 18:14:05.984  INFO 29922 --- [           main] o.s.w.s.handler.SimpleUrlHandlerMapping  : Mapped URL path [/webjars/**] onto handler of type [class org.springframework.web.servlet.resource.ResourceHttpRequestHandler]
2017-12-05 18:14:06.067  INFO 29922 --- [           main] s.w.s.m.m.a.RequestMappingHandlerAdapter : Looking for @ControllerAdvice: org.springframework.boot.context.embedded.AnnotationConfigEmbeddedWebApplicationContext@7321bf61: startup date [Tue Dec 05 18:14:00 UTC 2017]; root of context hierarchy
2017-12-05 18:14:06.721  INFO 29922 --- [           main] o.s.j.e.a.AnnotationMBeanExporter        : Registering beans for JMX exposure on startup
2017-12-05 18:14:06.736  INFO 29922 --- [           main] o.s.c.support.DefaultLifecycleProcessor  : Starting beans in phase 2147483647
2017-12-05 18:14:06.736  INFO 29922 --- [           main] d.s.w.p.DocumentationPluginsBootstrapper : Context refreshed
2017-12-05 18:14:06.775  INFO 29922 --- [           main] d.s.w.p.DocumentationPluginsBootstrapper : Found 1 custom documentation plugin(s)
2017-12-05 18:14:07.017  INFO 29922 --- [           main] s.d.s.w.s.ApiListingReferenceScanner     : Scanning for api listing references
2017-12-05 18:14:07.688  INFO 29922 --- [           main] s.b.c.e.t.TomcatEmbeddedServletContainer : Tomcat started on port(s): 8080 (http)
2017-12-05 18:14:07.701  INFO 29922 --- [           main] c.m.f.Mdsd20172018RestApiApplication     : Started Mdsd20172018RestApiApplication in 8.078 seconds (JVM running for 15.66)
2017-12-05 18:14:07.995  INFO 29922 --- [nio-8080-exec-2] o.a.c.c.C.[Tomcat].[localhost].[/]       : Initializing Spring FrameworkServlet 'dispatcherServlet'
2017-12-05 18:14:08.002  INFO 29922 --- [nio-8080-exec-2] o.s.web.servlet.DispatcherServlet        : FrameworkServlet 'dispatcherServlet': initialization started
2017-12-05 18:14:08.022  INFO 29922 --- [nio-8080-exec-2] o.s.web.servlet.DispatcherServlet        : FrameworkServlet 'dispatcherServlet': initialization completed in 20 ms
2017-12-05 18:18:21.314  WARN 29922 --- [nio-8080-exec-5] o.s.web.servlet.PageNotFound             : No mapping found for HTTP request with URI [/login.action] in DispatcherServlet with name 'dispatcherServlet'
2017-12-05 18:18:21.902  WARN 29922 --- [nio-8080-exec-4] o.s.web.servlet.PageNotFound             : No mapping found for HTTP request with URI [/login.action] in DispatcherServlet with name 'dispatcherServlet'
2017-12-05 18:18:22.477  WARN 29922 --- [nio-8080-exec-8] o.s.web.servlet.PageNotFound             : No mapping found for HTTP request with URI [/login.action] in DispatcherServlet with name 'dispatcherServlet'
2017-12-05 18:18:23.106  WARN 29922 --- [nio-8080-exec-7] o.s.web.servlet.PageNotFound             : No mapping found for HTTP request with URI [/login.action] in DispatcherServlet with name 'dispatcherServlet'
2017-12-05 18:18:23.661  WARN 29922 --- [nio-8080-exec-1] o.s.web.servlet.PageNotFound             : No mapping found for HTTP request with URI [/login.action] in DispatcherServlet with name 'dispatcherServlet'
2017-12-05 18:18:24.231  WARN 29922 --- [nio-8080-exec-9] o.s.web.servlet.PageNotFound             : No mapping found for HTTP request with URI [/login.action] in DispatcherServlet with name 'dispatcherServlet'
2017-12-05 21:31:39.453  WARN 29922 --- [io-8080-exec-10] o.s.web.servlet.PageNotFound             : No mapping found for HTTP request with URI [/] in DispatcherServlet with name 'dispatcherServlet'
2017-12-05 21:35:58.931  WARN 29922 --- [nio-8080-exec-4] o.s.web.servlet.PageNotFound             : No mapping found for HTTP request with URI [/] in DispatcherServlet with name 'dispatcherServlet'
2017-12-06 03:05:16.337  WARN 29922 --- [nio-8080-exec-8] o.s.web.servlet.PageNotFound             : No mapping found for HTTP request with URI [/] in DispatcherServlet with name 'dispatcherServlet'
