[INFO] Scanning for projects...
[INFO]                                                                         
[INFO] ------------------------------------------------------------------------
[INFO] Building swagger-spring 1.0.0
[INFO] ------------------------------------------------------------------------
[INFO] 
[INFO] >>> spring-boot-maven-plugin:1.3.5.RELEASE:run (default-cli) > test-compile @ swagger-spring >>>
[INFO] 
[INFO] --- maven-resources-plugin:2.6:resources (default-resources) @ swagger-spring ---
[INFO] Using 'UTF-8' encoding to copy filtered resources.
[INFO] Copying 1 resource
[INFO] Copying 0 resource
[INFO] 
[INFO] --- maven-compiler-plugin:3.1:compile (default-compile) @ swagger-spring ---
[INFO] Nothing to compile - all classes are up to date
[INFO] 
[INFO] --- maven-resources-plugin:2.6:testResources (default-testResources) @ swagger-spring ---
[INFO] Using 'UTF-8' encoding to copy filtered resources.
[INFO] skip non existing resourceDirectory /opt/lampp/htdocs/MDSD-2017_2018/MDSD-2017_2018-Swagger-rest-api/src/test/resources
[INFO] 
[INFO] --- maven-compiler-plugin:3.1:testCompile (default-testCompile) @ swagger-spring ---
[INFO] No sources to compile
[INFO] 
[INFO] <<< spring-boot-maven-plugin:1.3.5.RELEASE:run (default-cli) < test-compile @ swagger-spring <<<
[INFO] 
[INFO] --- spring-boot-maven-plugin:1.3.5.RELEASE:run (default-cli) @ swagger-spring ---

  .   ____          _            __ _ _
 /\\ / ___'_ __ _ _(_)_ __  __ _ \ \ \ \
( ( )\___ | '_ | '_| | '_ \/ _` | \ \ \ \
 \\/  ___)| |_)| | | | | || (_| |  ) ) ) )
  '  |____| .__|_| |_|_| |_\__, | / / / /
 =========|_|==============|___/=/_/_/_/
 :: Spring Boot ::        (v1.3.5.RELEASE)

2018-01-18 13:45:19.214  INFO 15153 --- [           main] io.swagger.Swagger2SpringBoot            : Starting Swagger2SpringBoot on ip-172-31-16-104 with PID 15153 (/opt/lampp/htdocs/MDSD-2017_2018/MDSD-2017_2018-Swagger-rest-api/target/classes started by ubuntu in /opt/lampp/htdocs/MDSD-2017_2018/MDSD-2017_2018-Swagger-rest-api)
2018-01-18 13:45:19.227  INFO 15153 --- [           main] io.swagger.Swagger2SpringBoot            : No active profile set, falling back to default profiles: default
2018-01-18 13:45:19.354  INFO 15153 --- [           main] ationConfigEmbeddedWebApplicationContext : Refreshing org.springframework.boot.context.embedded.AnnotationConfigEmbeddedWebApplicationContext@78ece06a: startup date [Thu Jan 18 13:45:19 UTC 2018]; root of context hierarchy
2018-01-18 13:45:22.387  INFO 15153 --- [           main] f.a.AutowiredAnnotationBeanPostProcessor : JSR-330 'javax.inject.Inject' annotation found and supported for autowiring
2018-01-18 13:45:22.553  INFO 15153 --- [           main] trationDelegate$BeanPostProcessorChecker : Bean 'org.springframework.transaction.annotation.ProxyTransactionManagementConfiguration' of type [class org.springframework.transaction.annotation.ProxyTransactionManagementConfiguration$$EnhancerBySpringCGLIB$$b4107bed] is not eligible for getting processed by all BeanPostProcessors (for example: not eligible for auto-proxying)
2018-01-18 13:45:23.360  INFO 15153 --- [           main] s.b.c.e.t.TomcatEmbeddedServletContainer : Tomcat initialized with port(s): 8080 (http)
2018-01-18 13:45:23.389  INFO 15153 --- [           main] o.apache.catalina.core.StandardService   : Starting service Tomcat
2018-01-18 13:45:23.390  INFO 15153 --- [           main] org.apache.catalina.core.StandardEngine  : Starting Servlet Engine: Apache Tomcat/8.0.33
2018-01-18 13:45:23.640  INFO 15153 --- [ost-startStop-1] o.a.c.c.C.[Tomcat].[localhost].[/api]    : Initializing Spring embedded WebApplicationContext
2018-01-18 13:45:23.640  INFO 15153 --- [ost-startStop-1] o.s.web.context.ContextLoader            : Root WebApplicationContext: initialization completed in 4293 ms
2018-01-18 13:45:24.182  INFO 15153 --- [ost-startStop-1] o.s.b.c.e.ServletRegistrationBean        : Mapping servlet: 'dispatcherServlet' to [/]
2018-01-18 13:45:24.186  INFO 15153 --- [ost-startStop-1] o.s.b.c.embedded.FilterRegistrationBean  : Mapping filter: 'characterEncodingFilter' to: [/*]
2018-01-18 13:45:24.187  INFO 15153 --- [ost-startStop-1] o.s.b.c.embedded.FilterRegistrationBean  : Mapping filter: 'hiddenHttpMethodFilter' to: [/*]
2018-01-18 13:45:24.191  INFO 15153 --- [ost-startStop-1] o.s.b.c.embedded.FilterRegistrationBean  : Mapping filter: 'httpPutFormContentFilter' to: [/*]
2018-01-18 13:45:24.192  INFO 15153 --- [ost-startStop-1] o.s.b.c.embedded.FilterRegistrationBean  : Mapping filter: 'requestContextFilter' to: [/*]
2018-01-18 13:45:24.674  INFO 15153 --- [           main] j.LocalContainerEntityManagerFactoryBean : Building JPA container EntityManagerFactory for persistence unit 'default'
2018-01-18 13:45:24.700  INFO 15153 --- [           main] o.hibernate.jpa.internal.util.LogHelper  : HHH000204: Processing PersistenceUnitInfo [
	name: default
	...]
2018-01-18 13:45:24.876  INFO 15153 --- [           main] org.hibernate.Version                    : HHH000412: Hibernate Core {4.3.11.Final}
2018-01-18 13:45:24.877  INFO 15153 --- [           main] org.hibernate.cfg.Environment            : HHH000206: hibernate.properties not found
2018-01-18 13:45:24.885  INFO 15153 --- [           main] org.hibernate.cfg.Environment            : HHH000021: Bytecode provider name : javassist
2018-01-18 13:45:25.351  INFO 15153 --- [           main] o.hibernate.annotations.common.Version   : HCANN000001: Hibernate Commons Annotations {4.0.5.Final}
2018-01-18 13:45:25.903  INFO 15153 --- [           main] org.hibernate.dialect.Dialect            : HHH000400: Using dialect: org.hibernate.dialect.MySQL5Dialect
2018-01-18 13:45:26.140  INFO 15153 --- [           main] o.h.h.i.ast.ASTQueryTranslatorFactory    : HHH000397: Using ASTQueryTranslatorFactory
2018-01-18 13:45:26.667  INFO 15153 --- [           main] org.hibernate.tool.hbm2ddl.SchemaUpdate  : HHH000228: Running hbm2ddl schema update
2018-01-18 13:45:26.667  INFO 15153 --- [           main] org.hibernate.tool.hbm2ddl.SchemaUpdate  : HHH000102: Fetching database metadata
2018-01-18 13:45:26.672  INFO 15153 --- [           main] org.hibernate.tool.hbm2ddl.SchemaUpdate  : HHH000396: Updating schema
2018-01-18 13:45:26.710  INFO 15153 --- [           main] o.hibernate.tool.hbm2ddl.TableMetadata   : HHH000261: Table found: mdsd_db.file
2018-01-18 13:45:26.710  INFO 15153 --- [           main] o.hibernate.tool.hbm2ddl.TableMetadata   : HHH000037: Columns: [ext, parent, path, size, name, id, url, upload_date]
2018-01-18 13:45:26.711  INFO 15153 --- [           main] o.hibernate.tool.hbm2ddl.TableMetadata   : HHH000108: Foreign keys: [fk_swg3n1bj1am5b2mlqhlgkitda]
2018-01-18 13:45:26.711  INFO 15153 --- [           main] o.hibernate.tool.hbm2ddl.TableMetadata   : HHH000126: Indexes: [fk_swg3n1bj1am5b2mlqhlgkitda, primary]
2018-01-18 13:45:26.719  INFO 15153 --- [           main] o.hibernate.tool.hbm2ddl.TableMetadata   : HHH000261: Table found: mdsd_db.folder
2018-01-18 13:45:26.720  INFO 15153 --- [           main] o.hibernate.tool.hbm2ddl.TableMetadata   : HHH000037: Columns: [parent, path, name, id, create_date, url]
2018-01-18 13:45:26.720  INFO 15153 --- [           main] o.hibernate.tool.hbm2ddl.TableMetadata   : HHH000108: Foreign keys: [fk_hpadsbx9lefpnner5xnlr42aq]
2018-01-18 13:45:26.720  INFO 15153 --- [           main] o.hibernate.tool.hbm2ddl.TableMetadata   : HHH000126: Indexes: [primary, fk_hpadsbx9lefpnner5xnlr42aq]
2018-01-18 13:45:26.732  INFO 15153 --- [           main] o.hibernate.tool.hbm2ddl.TableMetadata   : HHH000261: Table found: mdsd_db.user
2018-01-18 13:45:26.732  INFO 15153 --- [           main] o.hibernate.tool.hbm2ddl.TableMetadata   : HHH000037: Columns: [password, home_id, id, token, username]
2018-01-18 13:45:26.732  INFO 15153 --- [           main] o.hibernate.tool.hbm2ddl.TableMetadata   : HHH000108: Foreign keys: [fk_sh851978wtjthgkjmiip6ahxj]
2018-01-18 13:45:26.732  INFO 15153 --- [           main] o.hibernate.tool.hbm2ddl.TableMetadata   : HHH000126: Indexes: [fk_sh851978wtjthgkjmiip6ahxj, primary]
2018-01-18 13:45:26.733  INFO 15153 --- [           main] org.hibernate.tool.hbm2ddl.SchemaUpdate  : HHH000232: Schema update complete
2018-01-18 13:45:28.203  INFO 15153 --- [           main] s.w.s.m.m.a.RequestMappingHandlerMapping : Mapped "{[/]}" onto public java.lang.String io.swagger.configuration.HomeController.index()
2018-01-18 13:45:28.216  INFO 15153 --- [           main] s.w.s.m.m.a.RequestMappingHandlerMapping : Mapped "{[/{token}/{folderId}],methods=[POST],produces=[application/json]}" onto public org.springframework.http.ResponseEntity<io.swagger.model.Folder> io.swagger.api.TokenApiController.createFolder(java.lang.String,java.lang.String,io.swagger.model.FolderCreate)
2018-01-18 13:45:28.218  INFO 15153 --- [           main] s.w.s.m.m.a.RequestMappingHandlerMapping : Mapped "{[/{token}/{folderId}],methods=[DELETE],produces=[application/json]}" onto public org.springframework.http.ResponseEntity<java.lang.Void> io.swagger.api.TokenApiController.deleteFolder(java.lang.String,java.lang.String)
2018-01-18 13:45:28.218  INFO 15153 --- [           main] s.w.s.m.m.a.RequestMappingHandlerMapping : Mapped "{[/{token}/{folderId}/files/{fileId}],methods=[PUT],produces=[application/json]}" onto public org.springframework.http.ResponseEntity<io.swagger.model.Folder> io.swagger.api.TokenApiController.editFile(java.lang.String,java.lang.String,java.lang.String,io.swagger.model.FileEdit)
2018-01-18 13:45:28.221  INFO 15153 --- [           main] s.w.s.m.m.a.RequestMappingHandlerMapping : Mapped "{[/{token}/{folderId}],methods=[PUT],produces=[application/json]}" onto public org.springframework.http.ResponseEntity<io.swagger.model.Folder> io.swagger.api.TokenApiController.editFolder(java.lang.String,java.lang.String,io.swagger.model.FolderCreate)
2018-01-18 13:45:28.221  INFO 15153 --- [           main] s.w.s.m.m.a.RequestMappingHandlerMapping : Mapped "{[/{token}/{folderId}],methods=[GET],produces=[application/json]}" onto public org.springframework.http.ResponseEntity<io.swagger.model.Folder> io.swagger.api.TokenApiController.getFolder(java.lang.String,java.lang.String)
2018-01-18 13:45:28.222  INFO 15153 --- [           main] s.w.s.m.m.a.RequestMappingHandlerMapping : Mapped "{[/{token}/{folderId}/files],methods=[POST],consumes=[multipart/form-data],produces=[application/json]}" onto public org.springframework.http.ResponseEntity<io.swagger.model.File> io.swagger.api.TokenApiController.uploadFile(java.lang.String,java.lang.String,org.springframework.web.multipart.MultipartFile) throws java.io.IOException
2018-01-18 13:45:28.222  INFO 15153 --- [           main] s.w.s.m.m.a.RequestMappingHandlerMapping : Mapped "{[/{token}/{folderId}/files/{fileId}],methods=[DELETE],produces=[application/json]}" onto public org.springframework.http.ResponseEntity<java.lang.Void> io.swagger.api.TokenApiController.deleteFile(java.lang.String,java.lang.String,java.lang.String)
2018-01-18 13:45:28.222  INFO 15153 --- [           main] s.w.s.m.m.a.RequestMappingHandlerMapping : Mapped "{[/{token}/{folderId}/files/{fileId}],methods=[GET],produces=[application/json]}" onto public org.springframework.http.ResponseEntity<io.swagger.model.File> io.swagger.api.TokenApiController.getFile(java.lang.String,java.lang.String,java.lang.String)
2018-01-18 13:45:28.223  INFO 15153 --- [           main] s.w.s.m.m.a.RequestMappingHandlerMapping : Mapped "{[/users],methods=[POST],produces=[application/json]}" onto public org.springframework.http.ResponseEntity<io.swagger.model.User> io.swagger.api.UsersApiController.createUser(io.swagger.model.UserLogin)
2018-01-18 13:45:28.231  INFO 15153 --- [           main] s.w.s.m.m.a.RequestMappingHandlerMapping : Mapped "{[/users/login],methods=[POST],produces=[application/json]}" onto public org.springframework.http.ResponseEntity<io.swagger.model.User> io.swagger.api.UsersApiController.loginUser(io.swagger.model.UserLogin)
2018-01-18 13:45:28.232  INFO 15153 --- [           main] s.w.s.m.m.a.RequestMappingHandlerMapping : Mapped "{[/users/logout/{token}],methods=[DELETE],produces=[application/json]}" onto public org.springframework.http.ResponseEntity<java.lang.Void> io.swagger.api.UsersApiController.logoutUser(java.lang.String)
2018-01-18 13:45:28.232  INFO 15153 --- [           main] s.w.s.m.m.a.RequestMappingHandlerMapping : Mapped "{[/api-docs],methods=[GET],produces=[application/json || application/hal+json]}" onto public org.springframework.http.ResponseEntity<springfox.documentation.spring.web.json.Json> springfox.documentation.swagger2.web.Swagger2Controller.getDocumentation(java.lang.String,javax.servlet.http.HttpServletRequest)
2018-01-18 13:45:28.234  INFO 15153 --- [           main] s.w.s.m.m.a.RequestMappingHandlerMapping : Mapped "{[/swagger-resources/configuration/ui]}" onto org.springframework.http.ResponseEntity<springfox.documentation.swagger.web.UiConfiguration> springfox.documentation.swagger.web.ApiResourceController.uiConfiguration()
2018-01-18 13:45:28.235  INFO 15153 --- [           main] s.w.s.m.m.a.RequestMappingHandlerMapping : Mapped "{[/swagger-resources/configuration/security]}" onto org.springframework.http.ResponseEntity<springfox.documentation.swagger.web.SecurityConfiguration> springfox.documentation.swagger.web.ApiResourceController.securityConfiguration()
2018-01-18 13:45:28.240  INFO 15153 --- [           main] s.w.s.m.m.a.RequestMappingHandlerMapping : Mapped "{[/swagger-resources]}" onto org.springframework.http.ResponseEntity<java.util.List<springfox.documentation.swagger.web.SwaggerResource>> springfox.documentation.swagger.web.ApiResourceController.swaggerResources()
2018-01-18 13:45:28.253  INFO 15153 --- [           main] s.w.s.m.m.a.RequestMappingHandlerMapping : Mapped "{[/error],produces=[text/html]}" onto public org.springframework.web.servlet.ModelAndView org.springframework.boot.autoconfigure.web.BasicErrorController.errorHtml(javax.servlet.http.HttpServletRequest,javax.servlet.http.HttpServletResponse)
2018-01-18 13:45:28.253  INFO 15153 --- [           main] s.w.s.m.m.a.RequestMappingHandlerMapping : Mapped "{[/error]}" onto public org.springframework.http.ResponseEntity<java.util.Map<java.lang.String, java.lang.Object>> org.springframework.boot.autoconfigure.web.BasicErrorController.error(javax.servlet.http.HttpServletRequest)
2018-01-18 13:45:28.590  INFO 15153 --- [           main] s.w.s.m.m.a.RequestMappingHandlerAdapter : Looking for @ControllerAdvice: org.springframework.boot.context.embedded.AnnotationConfigEmbeddedWebApplicationContext@78ece06a: startup date [Thu Jan 18 13:45:19 UTC 2018]; root of context hierarchy
2018-01-18 13:45:28.696  INFO 15153 --- [           main] o.s.w.s.handler.SimpleUrlHandlerMapping  : Mapped URL path [/webjars/**] onto handler of type [class org.springframework.web.servlet.resource.ResourceHttpRequestHandler]
2018-01-18 13:45:28.696  INFO 15153 --- [           main] o.s.w.s.handler.SimpleUrlHandlerMapping  : Mapped URL path [/**] onto handler of type [class org.springframework.web.servlet.resource.ResourceHttpRequestHandler]
2018-01-18 13:45:28.763  INFO 15153 --- [           main] o.s.w.s.handler.SimpleUrlHandlerMapping  : Mapped URL path [/**/favicon.ico] onto handler of type [class org.springframework.web.servlet.resource.ResourceHttpRequestHandler]
2018-01-18 13:45:29.075  INFO 15153 --- [           main] o.s.j.e.a.AnnotationMBeanExporter        : Registering beans for JMX exposure on startup
2018-01-18 13:45:29.094  INFO 15153 --- [           main] o.s.c.support.DefaultLifecycleProcessor  : Starting beans in phase 2147483647
2018-01-18 13:45:29.094  INFO 15153 --- [           main] d.s.w.p.DocumentationPluginsBootstrapper : Context refreshed
2018-01-18 13:45:29.135  INFO 15153 --- [           main] d.s.w.p.DocumentationPluginsBootstrapper : Found 1 custom documentation plugin(s)
2018-01-18 13:45:29.150  INFO 15153 --- [           main] s.d.s.w.s.ApiListingReferenceScanner     : Scanning for api listing references
2018-01-18 13:45:29.829  INFO 15153 --- [           main] s.b.c.e.t.TomcatEmbeddedServletContainer : Tomcat started on port(s): 8080 (http)
2018-01-18 13:45:29.835  INFO 15153 --- [           main] io.swagger.Swagger2SpringBoot            : Started Swagger2SpringBoot in 11.368 seconds (JVM running for 19.374)
2018-01-18 13:46:55.198  INFO 15153 --- [nio-8080-exec-1] o.a.c.c.C.[Tomcat].[localhost].[/api]    : Initializing Spring FrameworkServlet 'dispatcherServlet'
2018-01-18 13:46:55.198  INFO 15153 --- [nio-8080-exec-1] o.s.web.servlet.DispatcherServlet        : FrameworkServlet 'dispatcherServlet': initialization started
2018-01-18 13:46:55.231  INFO 15153 --- [nio-8080-exec-1] o.s.web.servlet.DispatcherServlet        : FrameworkServlet 'dispatcherServlet': initialization completed in 33 ms
Hibernate: select user0_.id as id1_2_, user0_.home_id as home_id5_2_, user0_.password as password2_2_, user0_.token as token3_2_, user0_.username as username4_2_ from user user0_ where user0_.username=? and user0_.password=?
Hibernate: select folder0_.id as id1_1_0_, folder0_.create_date as create_d2_1_0_, folder0_.name as name3_1_0_, folder0_.parent as parent4_1_0_, folder0_.path as path5_1_0_, folder0_.url as url6_1_0_ from folder folder0_ where folder0_.id=?
Hibernate: update user set home_id=?, password=?, token=?, username=? where id=?
Hibernate: select subfolders0_.parent as parent4_1_0_, subfolders0_.id as id1_1_0_, subfolders0_.id as id1_1_1_, subfolders0_.create_date as create_d2_1_1_, subfolders0_.name as name3_1_1_, subfolders0_.parent as parent4_1_1_, subfolders0_.path as path5_1_1_, subfolders0_.url as url6_1_1_ from folder subfolders0_ where subfolders0_.parent=?
Hibernate: select subfolders0_.parent as parent4_1_0_, subfolders0_.id as id1_1_0_, subfolders0_.id as id1_1_1_, subfolders0_.create_date as create_d2_1_1_, subfolders0_.name as name3_1_1_, subfolders0_.parent as parent4_1_1_, subfolders0_.path as path5_1_1_, subfolders0_.url as url6_1_1_ from folder subfolders0_ where subfolders0_.parent=?
Hibernate: select files0_.parent as parent4_1_0_, files0_.id as id1_0_0_, files0_.id as id1_0_1_, files0_.ext as ext2_0_1_, files0_.name as name3_0_1_, files0_.parent as parent4_0_1_, files0_.path as path5_0_1_, files0_.size as size6_0_1_, files0_.upload_date as upload_d7_0_1_, files0_.url as url8_0_1_ from file files0_ where files0_.parent=?
Hibernate: select subfolders0_.parent as parent4_1_0_, subfolders0_.id as id1_1_0_, subfolders0_.id as id1_1_1_, subfolders0_.create_date as create_d2_1_1_, subfolders0_.name as name3_1_1_, subfolders0_.parent as parent4_1_1_, subfolders0_.path as path5_1_1_, subfolders0_.url as url6_1_1_ from folder subfolders0_ where subfolders0_.parent=?
Hibernate: select files0_.parent as parent4_1_0_, files0_.id as id1_0_0_, files0_.id as id1_0_1_, files0_.ext as ext2_0_1_, files0_.name as name3_0_1_, files0_.parent as parent4_0_1_, files0_.path as path5_0_1_, files0_.size as size6_0_1_, files0_.upload_date as upload_d7_0_1_, files0_.url as url8_0_1_ from file files0_ where files0_.parent=?
Hibernate: select subfolders0_.parent as parent4_1_0_, subfolders0_.id as id1_1_0_, subfolders0_.id as id1_1_1_, subfolders0_.create_date as create_d2_1_1_, subfolders0_.name as name3_1_1_, subfolders0_.parent as parent4_1_1_, subfolders0_.path as path5_1_1_, subfolders0_.url as url6_1_1_ from folder subfolders0_ where subfolders0_.parent=?
Hibernate: select files0_.parent as parent4_1_0_, files0_.id as id1_0_0_, files0_.id as id1_0_1_, files0_.ext as ext2_0_1_, files0_.name as name3_0_1_, files0_.parent as parent4_0_1_, files0_.path as path5_0_1_, files0_.size as size6_0_1_, files0_.upload_date as upload_d7_0_1_, files0_.url as url8_0_1_ from file files0_ where files0_.parent=?
Hibernate: select subfolders0_.parent as parent4_1_0_, subfolders0_.id as id1_1_0_, subfolders0_.id as id1_1_1_, subfolders0_.create_date as create_d2_1_1_, subfolders0_.name as name3_1_1_, subfolders0_.parent as parent4_1_1_, subfolders0_.path as path5_1_1_, subfolders0_.url as url6_1_1_ from folder subfolders0_ where subfolders0_.parent=?
Hibernate: select files0_.parent as parent4_1_0_, files0_.id as id1_0_0_, files0_.id as id1_0_1_, files0_.ext as ext2_0_1_, files0_.name as name3_0_1_, files0_.parent as parent4_0_1_, files0_.path as path5_0_1_, files0_.size as size6_0_1_, files0_.upload_date as upload_d7_0_1_, files0_.url as url8_0_1_ from file files0_ where files0_.parent=?
Hibernate: select files0_.parent as parent4_1_0_, files0_.id as id1_0_0_, files0_.id as id1_0_1_, files0_.ext as ext2_0_1_, files0_.name as name3_0_1_, files0_.parent as parent4_0_1_, files0_.path as path5_0_1_, files0_.size as size6_0_1_, files0_.upload_date as upload_d7_0_1_, files0_.url as url8_0_1_ from file files0_ where files0_.parent=?
Hibernate: select user0_.id as id1_2_, user0_.home_id as home_id5_2_, user0_.password as password2_2_, user0_.token as token3_2_, user0_.username as username4_2_ from user user0_ where user0_.username=? and user0_.password=?
Hibernate: select folder0_.id as id1_1_0_, folder0_.create_date as create_d2_1_0_, folder0_.name as name3_1_0_, folder0_.parent as parent4_1_0_, folder0_.path as path5_1_0_, folder0_.url as url6_1_0_ from folder folder0_ where folder0_.id=?
Hibernate: update user set home_id=?, password=?, token=?, username=? where id=?
Hibernate: select subfolders0_.parent as parent4_1_0_, subfolders0_.id as id1_1_0_, subfolders0_.id as id1_1_1_, subfolders0_.create_date as create_d2_1_1_, subfolders0_.name as name3_1_1_, subfolders0_.parent as parent4_1_1_, subfolders0_.path as path5_1_1_, subfolders0_.url as url6_1_1_ from folder subfolders0_ where subfolders0_.parent=?
Hibernate: select subfolders0_.parent as parent4_1_0_, subfolders0_.id as id1_1_0_, subfolders0_.id as id1_1_1_, subfolders0_.create_date as create_d2_1_1_, subfolders0_.name as name3_1_1_, subfolders0_.parent as parent4_1_1_, subfolders0_.path as path5_1_1_, subfolders0_.url as url6_1_1_ from folder subfolders0_ where subfolders0_.parent=?
Hibernate: select files0_.parent as parent4_1_0_, files0_.id as id1_0_0_, files0_.id as id1_0_1_, files0_.ext as ext2_0_1_, files0_.name as name3_0_1_, files0_.parent as parent4_0_1_, files0_.path as path5_0_1_, files0_.size as size6_0_1_, files0_.upload_date as upload_d7_0_1_, files0_.url as url8_0_1_ from file files0_ where files0_.parent=?
Hibernate: select subfolders0_.parent as parent4_1_0_, subfolders0_.id as id1_1_0_, subfolders0_.id as id1_1_1_, subfolders0_.create_date as create_d2_1_1_, subfolders0_.name as name3_1_1_, subfolders0_.parent as parent4_1_1_, subfolders0_.path as path5_1_1_, subfolders0_.url as url6_1_1_ from folder subfolders0_ where subfolders0_.parent=?
Hibernate: select files0_.parent as parent4_1_0_, files0_.id as id1_0_0_, files0_.id as id1_0_1_, files0_.ext as ext2_0_1_, files0_.name as name3_0_1_, files0_.parent as parent4_0_1_, files0_.path as path5_0_1_, files0_.size as size6_0_1_, files0_.upload_date as upload_d7_0_1_, files0_.url as url8_0_1_ from file files0_ where files0_.parent=?
Hibernate: select subfolders0_.parent as parent4_1_0_, subfolders0_.id as id1_1_0_, subfolders0_.id as id1_1_1_, subfolders0_.create_date as create_d2_1_1_, subfolders0_.name as name3_1_1_, subfolders0_.parent as parent4_1_1_, subfolders0_.path as path5_1_1_, subfolders0_.url as url6_1_1_ from folder subfolders0_ where subfolders0_.parent=?
Hibernate: select files0_.parent as parent4_1_0_, files0_.id as id1_0_0_, files0_.id as id1_0_1_, files0_.ext as ext2_0_1_, files0_.name as name3_0_1_, files0_.parent as parent4_0_1_, files0_.path as path5_0_1_, files0_.size as size6_0_1_, files0_.upload_date as upload_d7_0_1_, files0_.url as url8_0_1_ from file files0_ where files0_.parent=?
Hibernate: select subfolders0_.parent as parent4_1_0_, subfolders0_.id as id1_1_0_, subfolders0_.id as id1_1_1_, subfolders0_.create_date as create_d2_1_1_, subfolders0_.name as name3_1_1_, subfolders0_.parent as parent4_1_1_, subfolders0_.path as path5_1_1_, subfolders0_.url as url6_1_1_ from folder subfolders0_ where subfolders0_.parent=?
Hibernate: select files0_.parent as parent4_1_0_, files0_.id as id1_0_0_, files0_.id as id1_0_1_, files0_.ext as ext2_0_1_, files0_.name as name3_0_1_, files0_.parent as parent4_0_1_, files0_.path as path5_0_1_, files0_.size as size6_0_1_, files0_.upload_date as upload_d7_0_1_, files0_.url as url8_0_1_ from file files0_ where files0_.parent=?
Hibernate: select files0_.parent as parent4_1_0_, files0_.id as id1_0_0_, files0_.id as id1_0_1_, files0_.ext as ext2_0_1_, files0_.name as name3_0_1_, files0_.parent as parent4_0_1_, files0_.path as path5_0_1_, files0_.size as size6_0_1_, files0_.upload_date as upload_d7_0_1_, files0_.url as url8_0_1_ from file files0_ where files0_.parent=?
Hibernate: select user0_.id as id1_2_, user0_.home_id as home_id5_2_, user0_.password as password2_2_, user0_.token as token3_2_, user0_.username as username4_2_ from user user0_ where user0_.username=? and user0_.password=?
Hibernate: select folder0_.id as id1_1_0_, folder0_.create_date as create_d2_1_0_, folder0_.name as name3_1_0_, folder0_.parent as parent4_1_0_, folder0_.path as path5_1_0_, folder0_.url as url6_1_0_ from folder folder0_ where folder0_.id=?
Hibernate: update user set home_id=?, password=?, token=?, username=? where id=?
Hibernate: select subfolders0_.parent as parent4_1_0_, subfolders0_.id as id1_1_0_, subfolders0_.id as id1_1_1_, subfolders0_.create_date as create_d2_1_1_, subfolders0_.name as name3_1_1_, subfolders0_.parent as parent4_1_1_, subfolders0_.path as path5_1_1_, subfolders0_.url as url6_1_1_ from folder subfolders0_ where subfolders0_.parent=?
Hibernate: select subfolders0_.parent as parent4_1_0_, subfolders0_.id as id1_1_0_, subfolders0_.id as id1_1_1_, subfolders0_.create_date as create_d2_1_1_, subfolders0_.name as name3_1_1_, subfolders0_.parent as parent4_1_1_, subfolders0_.path as path5_1_1_, subfolders0_.url as url6_1_1_ from folder subfolders0_ where subfolders0_.parent=?
Hibernate: select files0_.parent as parent4_1_0_, files0_.id as id1_0_0_, files0_.id as id1_0_1_, files0_.ext as ext2_0_1_, files0_.name as name3_0_1_, files0_.parent as parent4_0_1_, files0_.path as path5_0_1_, files0_.size as size6_0_1_, files0_.upload_date as upload_d7_0_1_, files0_.url as url8_0_1_ from file files0_ where files0_.parent=?
Hibernate: select subfolders0_.parent as parent4_1_0_, subfolders0_.id as id1_1_0_, subfolders0_.id as id1_1_1_, subfolders0_.create_date as create_d2_1_1_, subfolders0_.name as name3_1_1_, subfolders0_.parent as parent4_1_1_, subfolders0_.path as path5_1_1_, subfolders0_.url as url6_1_1_ from folder subfolders0_ where subfolders0_.parent=?
Hibernate: select files0_.parent as parent4_1_0_, files0_.id as id1_0_0_, files0_.id as id1_0_1_, files0_.ext as ext2_0_1_, files0_.name as name3_0_1_, files0_.parent as parent4_0_1_, files0_.path as path5_0_1_, files0_.size as size6_0_1_, files0_.upload_date as upload_d7_0_1_, files0_.url as url8_0_1_ from file files0_ where files0_.parent=?
Hibernate: select subfolders0_.parent as parent4_1_0_, subfolders0_.id as id1_1_0_, subfolders0_.id as id1_1_1_, subfolders0_.create_date as create_d2_1_1_, subfolders0_.name as name3_1_1_, subfolders0_.parent as parent4_1_1_, subfolders0_.path as path5_1_1_, subfolders0_.url as url6_1_1_ from folder subfolders0_ where subfolders0_.parent=?
Hibernate: select files0_.parent as parent4_1_0_, files0_.id as id1_0_0_, files0_.id as id1_0_1_, files0_.ext as ext2_0_1_, files0_.name as name3_0_1_, files0_.parent as parent4_0_1_, files0_.path as path5_0_1_, files0_.size as size6_0_1_, files0_.upload_date as upload_d7_0_1_, files0_.url as url8_0_1_ from file files0_ where files0_.parent=?
Hibernate: select subfolders0_.parent as parent4_1_0_, subfolders0_.id as id1_1_0_, subfolders0_.id as id1_1_1_, subfolders0_.create_date as create_d2_1_1_, subfolders0_.name as name3_1_1_, subfolders0_.parent as parent4_1_1_, subfolders0_.path as path5_1_1_, subfolders0_.url as url6_1_1_ from folder subfolders0_ where subfolders0_.parent=?
Hibernate: select files0_.parent as parent4_1_0_, files0_.id as id1_0_0_, files0_.id as id1_0_1_, files0_.ext as ext2_0_1_, files0_.name as name3_0_1_, files0_.parent as parent4_0_1_, files0_.path as path5_0_1_, files0_.size as size6_0_1_, files0_.upload_date as upload_d7_0_1_, files0_.url as url8_0_1_ from file files0_ where files0_.parent=?
Hibernate: select files0_.parent as parent4_1_0_, files0_.id as id1_0_0_, files0_.id as id1_0_1_, files0_.ext as ext2_0_1_, files0_.name as name3_0_1_, files0_.parent as parent4_0_1_, files0_.path as path5_0_1_, files0_.size as size6_0_1_, files0_.upload_date as upload_d7_0_1_, files0_.url as url8_0_1_ from file files0_ where files0_.parent=?
Hibernate: select user0_.id as id1_2_, user0_.home_id as home_id5_2_, user0_.password as password2_2_, user0_.token as token3_2_, user0_.username as username4_2_ from user user0_ where user0_.username=? and user0_.password=?
Hibernate: select folder0_.id as id1_1_0_, folder0_.create_date as create_d2_1_0_, folder0_.name as name3_1_0_, folder0_.parent as parent4_1_0_, folder0_.path as path5_1_0_, folder0_.url as url6_1_0_ from folder folder0_ where folder0_.id=?
Hibernate: update user set home_id=?, password=?, token=?, username=? where id=?
Hibernate: select subfolders0_.parent as parent4_1_0_, subfolders0_.id as id1_1_0_, subfolders0_.id as id1_1_1_, subfolders0_.create_date as create_d2_1_1_, subfolders0_.name as name3_1_1_, subfolders0_.parent as parent4_1_1_, subfolders0_.path as path5_1_1_, subfolders0_.url as url6_1_1_ from folder subfolders0_ where subfolders0_.parent=?
Hibernate: select subfolders0_.parent as parent4_1_0_, subfolders0_.id as id1_1_0_, subfolders0_.id as id1_1_1_, subfolders0_.create_date as create_d2_1_1_, subfolders0_.name as name3_1_1_, subfolders0_.parent as parent4_1_1_, subfolders0_.path as path5_1_1_, subfolders0_.url as url6_1_1_ from folder subfolders0_ where subfolders0_.parent=?
Hibernate: select files0_.parent as parent4_1_0_, files0_.id as id1_0_0_, files0_.id as id1_0_1_, files0_.ext as ext2_0_1_, files0_.name as name3_0_1_, files0_.parent as parent4_0_1_, files0_.path as path5_0_1_, files0_.size as size6_0_1_, files0_.upload_date as upload_d7_0_1_, files0_.url as url8_0_1_ from file files0_ where files0_.parent=?
Hibernate: select subfolders0_.parent as parent4_1_0_, subfolders0_.id as id1_1_0_, subfolders0_.id as id1_1_1_, subfolders0_.create_date as create_d2_1_1_, subfolders0_.name as name3_1_1_, subfolders0_.parent as parent4_1_1_, subfolders0_.path as path5_1_1_, subfolders0_.url as url6_1_1_ from folder subfolders0_ where subfolders0_.parent=?
Hibernate: select files0_.parent as parent4_1_0_, files0_.id as id1_0_0_, files0_.id as id1_0_1_, files0_.ext as ext2_0_1_, files0_.name as name3_0_1_, files0_.parent as parent4_0_1_, files0_.path as path5_0_1_, files0_.size as size6_0_1_, files0_.upload_date as upload_d7_0_1_, files0_.url as url8_0_1_ from file files0_ where files0_.parent=?
Hibernate: select subfolders0_.parent as parent4_1_0_, subfolders0_.id as id1_1_0_, subfolders0_.id as id1_1_1_, subfolders0_.create_date as create_d2_1_1_, subfolders0_.name as name3_1_1_, subfolders0_.parent as parent4_1_1_, subfolders0_.path as path5_1_1_, subfolders0_.url as url6_1_1_ from folder subfolders0_ where subfolders0_.parent=?
Hibernate: select files0_.parent as parent4_1_0_, files0_.id as id1_0_0_, files0_.id as id1_0_1_, files0_.ext as ext2_0_1_, files0_.name as name3_0_1_, files0_.parent as parent4_0_1_, files0_.path as path5_0_1_, files0_.size as size6_0_1_, files0_.upload_date as upload_d7_0_1_, files0_.url as url8_0_1_ from file files0_ where files0_.parent=?
Hibernate: select subfolders0_.parent as parent4_1_0_, subfolders0_.id as id1_1_0_, subfolders0_.id as id1_1_1_, subfolders0_.create_date as create_d2_1_1_, subfolders0_.name as name3_1_1_, subfolders0_.parent as parent4_1_1_, subfolders0_.path as path5_1_1_, subfolders0_.url as url6_1_1_ from folder subfolders0_ where subfolders0_.parent=?
Hibernate: select files0_.parent as parent4_1_0_, files0_.id as id1_0_0_, files0_.id as id1_0_1_, files0_.ext as ext2_0_1_, files0_.name as name3_0_1_, files0_.parent as parent4_0_1_, files0_.path as path5_0_1_, files0_.size as size6_0_1_, files0_.upload_date as upload_d7_0_1_, files0_.url as url8_0_1_ from file files0_ where files0_.parent=?
Hibernate: select files0_.parent as parent4_1_0_, files0_.id as id1_0_0_, files0_.id as id1_0_1_, files0_.ext as ext2_0_1_, files0_.name as name3_0_1_, files0_.parent as parent4_0_1_, files0_.path as path5_0_1_, files0_.size as size6_0_1_, files0_.upload_date as upload_d7_0_1_, files0_.url as url8_0_1_ from file files0_ where files0_.parent=?
Hibernate: select user0_.id as id1_2_, user0_.home_id as home_id5_2_, user0_.password as password2_2_, user0_.token as token3_2_, user0_.username as username4_2_ from user user0_ where user0_.username=? and user0_.password=?
Hibernate: select folder0_.id as id1_1_0_, folder0_.create_date as create_d2_1_0_, folder0_.name as name3_1_0_, folder0_.parent as parent4_1_0_, folder0_.path as path5_1_0_, folder0_.url as url6_1_0_ from folder folder0_ where folder0_.id=?
Hibernate: update user set home_id=?, password=?, token=?, username=? where id=?
Hibernate: select subfolders0_.parent as parent4_1_0_, subfolders0_.id as id1_1_0_, subfolders0_.id as id1_1_1_, subfolders0_.create_date as create_d2_1_1_, subfolders0_.name as name3_1_1_, subfolders0_.parent as parent4_1_1_, subfolders0_.path as path5_1_1_, subfolders0_.url as url6_1_1_ from folder subfolders0_ where subfolders0_.parent=?
Hibernate: select subfolders0_.parent as parent4_1_0_, subfolders0_.id as id1_1_0_, subfolders0_.id as id1_1_1_, subfolders0_.create_date as create_d2_1_1_, subfolders0_.name as name3_1_1_, subfolders0_.parent as parent4_1_1_, subfolders0_.path as path5_1_1_, subfolders0_.url as url6_1_1_ from folder subfolders0_ where subfolders0_.parent=?
Hibernate: select files0_.parent as parent4_1_0_, files0_.id as id1_0_0_, files0_.id as id1_0_1_, files0_.ext as ext2_0_1_, files0_.name as name3_0_1_, files0_.parent as parent4_0_1_, files0_.path as path5_0_1_, files0_.size as size6_0_1_, files0_.upload_date as upload_d7_0_1_, files0_.url as url8_0_1_ from file files0_ where files0_.parent=?
Hibernate: select subfolders0_.parent as parent4_1_0_, subfolders0_.id as id1_1_0_, subfolders0_.id as id1_1_1_, subfolders0_.create_date as create_d2_1_1_, subfolders0_.name as name3_1_1_, subfolders0_.parent as parent4_1_1_, subfolders0_.path as path5_1_1_, subfolders0_.url as url6_1_1_ from folder subfolders0_ where subfolders0_.parent=?
Hibernate: select files0_.parent as parent4_1_0_, files0_.id as id1_0_0_, files0_.id as id1_0_1_, files0_.ext as ext2_0_1_, files0_.name as name3_0_1_, files0_.parent as parent4_0_1_, files0_.path as path5_0_1_, files0_.size as size6_0_1_, files0_.upload_date as upload_d7_0_1_, files0_.url as url8_0_1_ from file files0_ where files0_.parent=?
Hibernate: select subfolders0_.parent as parent4_1_0_, subfolders0_.id as id1_1_0_, subfolders0_.id as id1_1_1_, subfolders0_.create_date as create_d2_1_1_, subfolders0_.name as name3_1_1_, subfolders0_.parent as parent4_1_1_, subfolders0_.path as path5_1_1_, subfolders0_.url as url6_1_1_ from folder subfolders0_ where subfolders0_.parent=?
Hibernate: select files0_.parent as parent4_1_0_, files0_.id as id1_0_0_, files0_.id as id1_0_1_, files0_.ext as ext2_0_1_, files0_.name as name3_0_1_, files0_.parent as parent4_0_1_, files0_.path as path5_0_1_, files0_.size as size6_0_1_, files0_.upload_date as upload_d7_0_1_, files0_.url as url8_0_1_ from file files0_ where files0_.parent=?
Hibernate: select subfolders0_.parent as parent4_1_0_, subfolders0_.id as id1_1_0_, subfolders0_.id as id1_1_1_, subfolders0_.create_date as create_d2_1_1_, subfolders0_.name as name3_1_1_, subfolders0_.parent as parent4_1_1_, subfolders0_.path as path5_1_1_, subfolders0_.url as url6_1_1_ from folder subfolders0_ where subfolders0_.parent=?
Hibernate: select files0_.parent as parent4_1_0_, files0_.id as id1_0_0_, files0_.id as id1_0_1_, files0_.ext as ext2_0_1_, files0_.name as name3_0_1_, files0_.parent as parent4_0_1_, files0_.path as path5_0_1_, files0_.size as size6_0_1_, files0_.upload_date as upload_d7_0_1_, files0_.url as url8_0_1_ from file files0_ where files0_.parent=?
Hibernate: select files0_.parent as parent4_1_0_, files0_.id as id1_0_0_, files0_.id as id1_0_1_, files0_.ext as ext2_0_1_, files0_.name as name3_0_1_, files0_.parent as parent4_0_1_, files0_.path as path5_0_1_, files0_.size as size6_0_1_, files0_.upload_date as upload_d7_0_1_, files0_.url as url8_0_1_ from file files0_ where files0_.parent=?
Hibernate: select user0_.id as id1_2_, user0_.home_id as home_id5_2_, user0_.password as password2_2_, user0_.token as token3_2_, user0_.username as username4_2_ from user user0_ where user0_.username=? and user0_.password=?
Hibernate: select folder0_.id as id1_1_0_, folder0_.create_date as create_d2_1_0_, folder0_.name as name3_1_0_, folder0_.parent as parent4_1_0_, folder0_.path as path5_1_0_, folder0_.url as url6_1_0_ from folder folder0_ where folder0_.id=?
Hibernate: update user set home_id=?, password=?, token=?, username=? where id=?
Hibernate: select subfolders0_.parent as parent4_1_0_, subfolders0_.id as id1_1_0_, subfolders0_.id as id1_1_1_, subfolders0_.create_date as create_d2_1_1_, subfolders0_.name as name3_1_1_, subfolders0_.parent as parent4_1_1_, subfolders0_.path as path5_1_1_, subfolders0_.url as url6_1_1_ from folder subfolders0_ where subfolders0_.parent=?
Hibernate: select subfolders0_.parent as parent4_1_0_, subfolders0_.id as id1_1_0_, subfolders0_.id as id1_1_1_, subfolders0_.create_date as create_d2_1_1_, subfolders0_.name as name3_1_1_, subfolders0_.parent as parent4_1_1_, subfolders0_.path as path5_1_1_, subfolders0_.url as url6_1_1_ from folder subfolders0_ where subfolders0_.parent=?
Hibernate: select files0_.parent as parent4_1_0_, files0_.id as id1_0_0_, files0_.id as id1_0_1_, files0_.ext as ext2_0_1_, files0_.name as name3_0_1_, files0_.parent as parent4_0_1_, files0_.path as path5_0_1_, files0_.size as size6_0_1_, files0_.upload_date as upload_d7_0_1_, files0_.url as url8_0_1_ from file files0_ where files0_.parent=?
Hibernate: select subfolders0_.parent as parent4_1_0_, subfolders0_.id as id1_1_0_, subfolders0_.id as id1_1_1_, subfolders0_.create_date as create_d2_1_1_, subfolders0_.name as name3_1_1_, subfolders0_.parent as parent4_1_1_, subfolders0_.path as path5_1_1_, subfolders0_.url as url6_1_1_ from folder subfolders0_ where subfolders0_.parent=?
Hibernate: select files0_.parent as parent4_1_0_, files0_.id as id1_0_0_, files0_.id as id1_0_1_, files0_.ext as ext2_0_1_, files0_.name as name3_0_1_, files0_.parent as parent4_0_1_, files0_.path as path5_0_1_, files0_.size as size6_0_1_, files0_.upload_date as upload_d7_0_1_, files0_.url as url8_0_1_ from file files0_ where files0_.parent=?
Hibernate: select subfolders0_.parent as parent4_1_0_, subfolders0_.id as id1_1_0_, subfolders0_.id as id1_1_1_, subfolders0_.create_date as create_d2_1_1_, subfolders0_.name as name3_1_1_, subfolders0_.parent as parent4_1_1_, subfolders0_.path as path5_1_1_, subfolders0_.url as url6_1_1_ from folder subfolders0_ where subfolders0_.parent=?
Hibernate: select files0_.parent as parent4_1_0_, files0_.id as id1_0_0_, files0_.id as id1_0_1_, files0_.ext as ext2_0_1_, files0_.name as name3_0_1_, files0_.parent as parent4_0_1_, files0_.path as path5_0_1_, files0_.size as size6_0_1_, files0_.upload_date as upload_d7_0_1_, files0_.url as url8_0_1_ from file files0_ where files0_.parent=?
Hibernate: select subfolders0_.parent as parent4_1_0_, subfolders0_.id as id1_1_0_, subfolders0_.id as id1_1_1_, subfolders0_.create_date as create_d2_1_1_, subfolders0_.name as name3_1_1_, subfolders0_.parent as parent4_1_1_, subfolders0_.path as path5_1_1_, subfolders0_.url as url6_1_1_ from folder subfolders0_ where subfolders0_.parent=?
Hibernate: select files0_.parent as parent4_1_0_, files0_.id as id1_0_0_, files0_.id as id1_0_1_, files0_.ext as ext2_0_1_, files0_.name as name3_0_1_, files0_.parent as parent4_0_1_, files0_.path as path5_0_1_, files0_.size as size6_0_1_, files0_.upload_date as upload_d7_0_1_, files0_.url as url8_0_1_ from file files0_ where files0_.parent=?
Hibernate: select subfolders0_.parent as parent4_1_0_, subfolders0_.id as id1_1_0_, subfolders0_.id as id1_1_1_, subfolders0_.create_date as create_d2_1_1_, subfolders0_.name as name3_1_1_, subfolders0_.parent as parent4_1_1_, subfolders0_.path as path5_1_1_, subfolders0_.url as url6_1_1_ from folder subfolders0_ where subfolders0_.parent=?
Hibernate: select files0_.parent as parent4_1_0_, files0_.id as id1_0_0_, files0_.id as id1_0_1_, files0_.ext as ext2_0_1_, files0_.name as name3_0_1_, files0_.parent as parent4_0_1_, files0_.path as path5_0_1_, files0_.size as size6_0_1_, files0_.upload_date as upload_d7_0_1_, files0_.url as url8_0_1_ from file files0_ where files0_.parent=?
Hibernate: select subfolders0_.parent as parent4_1_0_, subfolders0_.id as id1_1_0_, subfolders0_.id as id1_1_1_, subfolders0_.create_date as create_d2_1_1_, subfolders0_.name as name3_1_1_, subfolders0_.parent as parent4_1_1_, subfolders0_.path as path5_1_1_, subfolders0_.url as url6_1_1_ from folder subfolders0_ where subfolders0_.parent=?
Hibernate: select files0_.parent as parent4_1_0_, files0_.id as id1_0_0_, files0_.id as id1_0_1_, files0_.ext as ext2_0_1_, files0_.name as name3_0_1_, files0_.parent as parent4_0_1_, files0_.path as path5_0_1_, files0_.size as size6_0_1_, files0_.upload_date as upload_d7_0_1_, files0_.url as url8_0_1_ from file files0_ where files0_.parent=?
Hibernate: select subfolders0_.parent as parent4_1_0_, subfolders0_.id as id1_1_0_, subfolders0_.id as id1_1_1_, subfolders0_.create_date as create_d2_1_1_, subfolders0_.name as name3_1_1_, subfolders0_.parent as parent4_1_1_, subfolders0_.path as path5_1_1_, subfolders0_.url as url6_1_1_ from folder subfolders0_ where subfolders0_.parent=?
Hibernate: select files0_.parent as parent4_1_0_, files0_.id as id1_0_0_, files0_.id as id1_0_1_, files0_.ext as ext2_0_1_, files0_.name as name3_0_1_, files0_.parent as parent4_0_1_, files0_.path as path5_0_1_, files0_.size as size6_0_1_, files0_.upload_date as upload_d7_0_1_, files0_.url as url8_0_1_ from file files0_ where files0_.parent=?
Hibernate: select subfolders0_.parent as parent4_1_0_, subfolders0_.id as id1_1_0_, subfolders0_.id as id1_1_1_, subfolders0_.create_date as create_d2_1_1_, subfolders0_.name as name3_1_1_, subfolders0_.parent as parent4_1_1_, subfolders0_.path as path5_1_1_, subfolders0_.url as url6_1_1_ from folder subfolders0_ where subfolders0_.parent=?
Hibernate: select files0_.parent as parent4_1_0_, files0_.id as id1_0_0_, files0_.id as id1_0_1_, files0_.ext as ext2_0_1_, files0_.name as name3_0_1_, files0_.parent as parent4_0_1_, files0_.path as path5_0_1_, files0_.size as size6_0_1_, files0_.upload_date as upload_d7_0_1_, files0_.url as url8_0_1_ from file files0_ where files0_.parent=?
Hibernate: select files0_.parent as parent4_1_0_, files0_.id as id1_0_0_, files0_.id as id1_0_1_, files0_.ext as ext2_0_1_, files0_.name as name3_0_1_, files0_.parent as parent4_0_1_, files0_.path as path5_0_1_, files0_.size as size6_0_1_, files0_.upload_date as upload_d7_0_1_, files0_.url as url8_0_1_ from file files0_ where files0_.parent=?
Hibernate: select user0_.id as id1_2_, user0_.home_id as home_id5_2_, user0_.password as password2_2_, user0_.token as token3_2_, user0_.username as username4_2_ from user user0_ where user0_.token=?
Hibernate: select folder0_.id as id1_1_0_, folder0_.create_date as create_d2_1_0_, folder0_.name as name3_1_0_, folder0_.parent as parent4_1_0_, folder0_.path as path5_1_0_, folder0_.url as url6_1_0_ from folder folder0_ where folder0_.id=?
Hibernate: select subfolders0_.parent as parent4_1_0_, subfolders0_.id as id1_1_0_, subfolders0_.id as id1_1_1_, subfolders0_.create_date as create_d2_1_1_, subfolders0_.name as name3_1_1_, subfolders0_.parent as parent4_1_1_, subfolders0_.path as path5_1_1_, subfolders0_.url as url6_1_1_ from folder subfolders0_ where subfolders0_.parent=?
Hibernate: select subfolders0_.parent as parent4_1_0_, subfolders0_.id as id1_1_0_, subfolders0_.id as id1_1_1_, subfolders0_.create_date as create_d2_1_1_, subfolders0_.name as name3_1_1_, subfolders0_.parent as parent4_1_1_, subfolders0_.path as path5_1_1_, subfolders0_.url as url6_1_1_ from folder subfolders0_ where subfolders0_.parent=?
Hibernate: select files0_.parent as parent4_1_0_, files0_.id as id1_0_0_, files0_.id as id1_0_1_, files0_.ext as ext2_0_1_, files0_.name as name3_0_1_, files0_.parent as parent4_0_1_, files0_.path as path5_0_1_, files0_.size as size6_0_1_, files0_.upload_date as upload_d7_0_1_, files0_.url as url8_0_1_ from file files0_ where files0_.parent=?
Hibernate: select subfolders0_.parent as parent4_1_0_, subfolders0_.id as id1_1_0_, subfolders0_.id as id1_1_1_, subfolders0_.create_date as create_d2_1_1_, subfolders0_.name as name3_1_1_, subfolders0_.parent as parent4_1_1_, subfolders0_.path as path5_1_1_, subfolders0_.url as url6_1_1_ from folder subfolders0_ where subfolders0_.parent=?
Hibernate: select files0_.parent as parent4_1_0_, files0_.id as id1_0_0_, files0_.id as id1_0_1_, files0_.ext as ext2_0_1_, files0_.name as name3_0_1_, files0_.parent as parent4_0_1_, files0_.path as path5_0_1_, files0_.size as size6_0_1_, files0_.upload_date as upload_d7_0_1_, files0_.url as url8_0_1_ from file files0_ where files0_.parent=?
Hibernate: select subfolders0_.parent as parent4_1_0_, subfolders0_.id as id1_1_0_, subfolders0_.id as id1_1_1_, subfolders0_.create_date as create_d2_1_1_, subfolders0_.name as name3_1_1_, subfolders0_.parent as parent4_1_1_, subfolders0_.path as path5_1_1_, subfolders0_.url as url6_1_1_ from folder subfolders0_ where subfolders0_.parent=?
Hibernate: select files0_.parent as parent4_1_0_, files0_.id as id1_0_0_, files0_.id as id1_0_1_, files0_.ext as ext2_0_1_, files0_.name as name3_0_1_, files0_.parent as parent4_0_1_, files0_.path as path5_0_1_, files0_.size as size6_0_1_, files0_.upload_date as upload_d7_0_1_, files0_.url as url8_0_1_ from file files0_ where files0_.parent=?
Hibernate: select subfolders0_.parent as parent4_1_0_, subfolders0_.id as id1_1_0_, subfolders0_.id as id1_1_1_, subfolders0_.create_date as create_d2_1_1_, subfolders0_.name as name3_1_1_, subfolders0_.parent as parent4_1_1_, subfolders0_.path as path5_1_1_, subfolders0_.url as url6_1_1_ from folder subfolders0_ where subfolders0_.parent=?
Hibernate: select files0_.parent as parent4_1_0_, files0_.id as id1_0_0_, files0_.id as id1_0_1_, files0_.ext as ext2_0_1_, files0_.name as name3_0_1_, files0_.parent as parent4_0_1_, files0_.path as path5_0_1_, files0_.size as size6_0_1_, files0_.upload_date as upload_d7_0_1_, files0_.url as url8_0_1_ from file files0_ where files0_.parent=?
Hibernate: select subfolders0_.parent as parent4_1_0_, subfolders0_.id as id1_1_0_, subfolders0_.id as id1_1_1_, subfolders0_.create_date as create_d2_1_1_, subfolders0_.name as name3_1_1_, subfolders0_.parent as parent4_1_1_, subfolders0_.path as path5_1_1_, subfolders0_.url as url6_1_1_ from folder subfolders0_ where subfolders0_.parent=?
Hibernate: select files0_.parent as parent4_1_0_, files0_.id as id1_0_0_, files0_.id as id1_0_1_, files0_.ext as ext2_0_1_, files0_.name as name3_0_1_, files0_.parent as parent4_0_1_, files0_.path as path5_0_1_, files0_.size as size6_0_1_, files0_.upload_date as upload_d7_0_1_, files0_.url as url8_0_1_ from file files0_ where files0_.parent=?
Hibernate: select subfolders0_.parent as parent4_1_0_, subfolders0_.id as id1_1_0_, subfolders0_.id as id1_1_1_, subfolders0_.create_date as create_d2_1_1_, subfolders0_.name as name3_1_1_, subfolders0_.parent as parent4_1_1_, subfolders0_.path as path5_1_1_, subfolders0_.url as url6_1_1_ from folder subfolders0_ where subfolders0_.parent=?
Hibernate: select files0_.parent as parent4_1_0_, files0_.id as id1_0_0_, files0_.id as id1_0_1_, files0_.ext as ext2_0_1_, files0_.name as name3_0_1_, files0_.parent as parent4_0_1_, files0_.path as path5_0_1_, files0_.size as size6_0_1_, files0_.upload_date as upload_d7_0_1_, files0_.url as url8_0_1_ from file files0_ where files0_.parent=?
Hibernate: select subfolders0_.parent as parent4_1_0_, subfolders0_.id as id1_1_0_, subfolders0_.id as id1_1_1_, subfolders0_.create_date as create_d2_1_1_, subfolders0_.name as name3_1_1_, subfolders0_.parent as parent4_1_1_, subfolders0_.path as path5_1_1_, subfolders0_.url as url6_1_1_ from folder subfolders0_ where subfolders0_.parent=?
Hibernate: select files0_.parent as parent4_1_0_, files0_.id as id1_0_0_, files0_.id as id1_0_1_, files0_.ext as ext2_0_1_, files0_.name as name3_0_1_, files0_.parent as parent4_0_1_, files0_.path as path5_0_1_, files0_.size as size6_0_1_, files0_.upload_date as upload_d7_0_1_, files0_.url as url8_0_1_ from file files0_ where files0_.parent=?
Hibernate: select subfolders0_.parent as parent4_1_0_, subfolders0_.id as id1_1_0_, subfolders0_.id as id1_1_1_, subfolders0_.create_date as create_d2_1_1_, subfolders0_.name as name3_1_1_, subfolders0_.parent as parent4_1_1_, subfolders0_.path as path5_1_1_, subfolders0_.url as url6_1_1_ from folder subfolders0_ where subfolders0_.parent=?
Hibernate: select files0_.parent as parent4_1_0_, files0_.id as id1_0_0_, files0_.id as id1_0_1_, files0_.ext as ext2_0_1_, files0_.name as name3_0_1_, files0_.parent as parent4_0_1_, files0_.path as path5_0_1_, files0_.size as size6_0_1_, files0_.upload_date as upload_d7_0_1_, files0_.url as url8_0_1_ from file files0_ where files0_.parent=?
Hibernate: select files0_.parent as parent4_1_0_, files0_.id as id1_0_0_, files0_.id as id1_0_1_, files0_.ext as ext2_0_1_, files0_.name as name3_0_1_, files0_.parent as parent4_0_1_, files0_.path as path5_0_1_, files0_.size as size6_0_1_, files0_.upload_date as upload_d7_0_1_, files0_.url as url8_0_1_ from file files0_ where files0_.parent=?
Hibernate: select user0_.id as id1_2_, user0_.home_id as home_id5_2_, user0_.password as password2_2_, user0_.token as token3_2_, user0_.username as username4_2_ from user user0_ where user0_.token=?
Hibernate: select folder0_.id as id1_1_0_, folder0_.create_date as create_d2_1_0_, folder0_.name as name3_1_0_, folder0_.parent as parent4_1_0_, folder0_.path as path5_1_0_, folder0_.url as url6_1_0_ from folder folder0_ where folder0_.id=?
Hibernate: select folder0_.id as id1_1_0_, folder0_.create_date as create_d2_1_0_, folder0_.name as name3_1_0_, folder0_.parent as parent4_1_0_, folder0_.path as path5_1_0_, folder0_.url as url6_1_0_ from folder folder0_ where folder0_.id=?
Hibernate: select subfolders0_.parent as parent4_1_0_, subfolders0_.id as id1_1_0_, subfolders0_.id as id1_1_1_, subfolders0_.create_date as create_d2_1_1_, subfolders0_.name as name3_1_1_, subfolders0_.parent as parent4_1_1_, subfolders0_.path as path5_1_1_, subfolders0_.url as url6_1_1_ from folder subfolders0_ where subfolders0_.parent=?
Hibernate: select files0_.parent as parent4_1_0_, files0_.id as id1_0_0_, files0_.id as id1_0_1_, files0_.ext as ext2_0_1_, files0_.name as name3_0_1_, files0_.parent as parent4_0_1_, files0_.path as path5_0_1_, files0_.size as size6_0_1_, files0_.upload_date as upload_d7_0_1_, files0_.url as url8_0_1_ from file files0_ where files0_.parent=?
Hibernate: select user0_.id as id1_2_, user0_.home_id as home_id5_2_, user0_.password as password2_2_, user0_.token as token3_2_, user0_.username as username4_2_ from user user0_ where user0_.token=?
Hibernate: select folder0_.id as id1_1_0_, folder0_.create_date as create_d2_1_0_, folder0_.name as name3_1_0_, folder0_.parent as parent4_1_0_, folder0_.path as path5_1_0_, folder0_.url as url6_1_0_ from folder folder0_ where folder0_.id=?
Hibernate: select folder0_.id as id1_1_0_, folder0_.create_date as create_d2_1_0_, folder0_.name as name3_1_0_, folder0_.parent as parent4_1_0_, folder0_.path as path5_1_0_, folder0_.url as url6_1_0_ from folder folder0_ where folder0_.id=?
Hibernate: select file0_.id as id1_0_, file0_.ext as ext2_0_, file0_.name as name3_0_, file0_.parent as parent4_0_, file0_.path as path5_0_, file0_.size as size6_0_, file0_.upload_date as upload_d7_0_, file0_.url as url8_0_ from file file0_ where file0_.name=? and file0_.parent=?
Hibernate: select files0_.parent as parent4_1_0_, files0_.id as id1_0_0_, files0_.id as id1_0_1_, files0_.ext as ext2_0_1_, files0_.name as name3_0_1_, files0_.parent as parent4_0_1_, files0_.path as path5_0_1_, files0_.size as size6_0_1_, files0_.upload_date as upload_d7_0_1_, files0_.url as url8_0_1_ from file files0_ where files0_.parent=?
Hibernate: update file set ext=?, name=?, parent=?, path=?, size=?, upload_date=?, url=? where id=?
Hibernate: select user0_.id as id1_2_, user0_.home_id as home_id5_2_, user0_.password as password2_2_, user0_.token as token3_2_, user0_.username as username4_2_ from user user0_ where user0_.token=?
Hibernate: select folder0_.id as id1_1_0_, folder0_.create_date as create_d2_1_0_, folder0_.name as name3_1_0_, folder0_.parent as parent4_1_0_, folder0_.path as path5_1_0_, folder0_.url as url6_1_0_ from folder folder0_ where folder0_.id=?
Hibernate: select folder0_.id as id1_1_0_, folder0_.create_date as create_d2_1_0_, folder0_.name as name3_1_0_, folder0_.parent as parent4_1_0_, folder0_.path as path5_1_0_, folder0_.url as url6_1_0_ from folder folder0_ where folder0_.id=?
Hibernate: select subfolders0_.parent as parent4_1_0_, subfolders0_.id as id1_1_0_, subfolders0_.id as id1_1_1_, subfolders0_.create_date as create_d2_1_1_, subfolders0_.name as name3_1_1_, subfolders0_.parent as parent4_1_1_, subfolders0_.path as path5_1_1_, subfolders0_.url as url6_1_1_ from folder subfolders0_ where subfolders0_.parent=?
Hibernate: select files0_.parent as parent4_1_0_, files0_.id as id1_0_0_, files0_.id as id1_0_1_, files0_.ext as ext2_0_1_, files0_.name as name3_0_1_, files0_.parent as parent4_0_1_, files0_.path as path5_0_1_, files0_.size as size6_0_1_, files0_.upload_date as upload_d7_0_1_, files0_.url as url8_0_1_ from file files0_ where files0_.parent=?
Hibernate: select user0_.id as id1_2_, user0_.home_id as home_id5_2_, user0_.password as password2_2_, user0_.token as token3_2_, user0_.username as username4_2_ from user user0_ where user0_.token=?
Hibernate: select folder0_.id as id1_1_0_, folder0_.create_date as create_d2_1_0_, folder0_.name as name3_1_0_, folder0_.parent as parent4_1_0_, folder0_.path as path5_1_0_, folder0_.url as url6_1_0_ from folder folder0_ where folder0_.id=?
Hibernate: select folder0_.id as id1_1_0_, folder0_.create_date as create_d2_1_0_, folder0_.name as name3_1_0_, folder0_.parent as parent4_1_0_, folder0_.path as path5_1_0_, folder0_.url as url6_1_0_ from folder folder0_ where folder0_.id=?
Hibernate: select file0_.id as id1_0_, file0_.ext as ext2_0_, file0_.name as name3_0_, file0_.parent as parent4_0_, file0_.path as path5_0_, file0_.size as size6_0_, file0_.upload_date as upload_d7_0_, file0_.url as url8_0_ from file file0_ where file0_.name=? and file0_.parent=?
Hibernate: select file0_.id as id1_0_0_, file0_.ext as ext2_0_0_, file0_.name as name3_0_0_, file0_.parent as parent4_0_0_, file0_.path as path5_0_0_, file0_.size as size6_0_0_, file0_.upload_date as upload_d7_0_0_, file0_.url as url8_0_0_ from file file0_ where file0_.id=?
Hibernate: select files0_.parent as parent4_1_0_, files0_.id as id1_0_0_, files0_.id as id1_0_1_, files0_.ext as ext2_0_1_, files0_.name as name3_0_1_, files0_.parent as parent4_0_1_, files0_.path as path5_0_1_, files0_.size as size6_0_1_, files0_.upload_date as upload_d7_0_1_, files0_.url as url8_0_1_ from file files0_ where files0_.parent=?
Hibernate: insert into file (ext, name, parent, path, size, upload_date, url, id) values (?, ?, ?, ?, ?, ?, ?, ?)
Hibernate: select user0_.id as id1_2_, user0_.home_id as home_id5_2_, user0_.password as password2_2_, user0_.token as token3_2_, user0_.username as username4_2_ from user user0_ where user0_.token=?
Hibernate: select folder0_.id as id1_1_0_, folder0_.create_date as create_d2_1_0_, folder0_.name as name3_1_0_, folder0_.parent as parent4_1_0_, folder0_.path as path5_1_0_, folder0_.url as url6_1_0_ from folder folder0_ where folder0_.id=?
Hibernate: select folder0_.id as id1_1_0_, folder0_.create_date as create_d2_1_0_, folder0_.name as name3_1_0_, folder0_.parent as parent4_1_0_, folder0_.path as path5_1_0_, folder0_.url as url6_1_0_ from folder folder0_ where folder0_.id=?
Hibernate: select subfolders0_.parent as parent4_1_0_, subfolders0_.id as id1_1_0_, subfolders0_.id as id1_1_1_, subfolders0_.create_date as create_d2_1_1_, subfolders0_.name as name3_1_1_, subfolders0_.parent as parent4_1_1_, subfolders0_.path as path5_1_1_, subfolders0_.url as url6_1_1_ from folder subfolders0_ where subfolders0_.parent=?
Hibernate: select files0_.parent as parent4_1_0_, files0_.id as id1_0_0_, files0_.id as id1_0_1_, files0_.ext as ext2_0_1_, files0_.name as name3_0_1_, files0_.parent as parent4_0_1_, files0_.path as path5_0_1_, files0_.size as size6_0_1_, files0_.upload_date as upload_d7_0_1_, files0_.url as url8_0_1_ from file files0_ where files0_.parent=?
Hibernate: select user0_.id as id1_2_, user0_.home_id as home_id5_2_, user0_.password as password2_2_, user0_.token as token3_2_, user0_.username as username4_2_ from user user0_ where user0_.token=?
Hibernate: select folder0_.id as id1_1_0_, folder0_.create_date as create_d2_1_0_, folder0_.name as name3_1_0_, folder0_.parent as parent4_1_0_, folder0_.path as path5_1_0_, folder0_.url as url6_1_0_ from folder folder0_ where folder0_.id=?
Hibernate: select folder0_.id as id1_1_0_, folder0_.create_date as create_d2_1_0_, folder0_.name as name3_1_0_, folder0_.parent as parent4_1_0_, folder0_.path as path5_1_0_, folder0_.url as url6_1_0_ from folder folder0_ where folder0_.id=?
Hibernate: select file0_.id as id1_0_, file0_.ext as ext2_0_, file0_.name as name3_0_, file0_.parent as parent4_0_, file0_.path as path5_0_, file0_.size as size6_0_, file0_.upload_date as upload_d7_0_, file0_.url as url8_0_ from file file0_ where file0_.name=? and file0_.parent=?
Hibernate: select file0_.id as id1_0_0_, file0_.ext as ext2_0_0_, file0_.name as name3_0_0_, file0_.parent as parent4_0_0_, file0_.path as path5_0_0_, file0_.size as size6_0_0_, file0_.upload_date as upload_d7_0_0_, file0_.url as url8_0_0_ from file file0_ where file0_.id=?
Hibernate: select files0_.parent as parent4_1_0_, files0_.id as id1_0_0_, files0_.id as id1_0_1_, files0_.ext as ext2_0_1_, files0_.name as name3_0_1_, files0_.parent as parent4_0_1_, files0_.path as path5_0_1_, files0_.size as size6_0_1_, files0_.upload_date as upload_d7_0_1_, files0_.url as url8_0_1_ from file files0_ where files0_.parent=?
Hibernate: insert into file (ext, name, parent, path, size, upload_date, url, id) values (?, ?, ?, ?, ?, ?, ?, ?)
Hibernate: select user0_.id as id1_2_, user0_.home_id as home_id5_2_, user0_.password as password2_2_, user0_.token as token3_2_, user0_.username as username4_2_ from user user0_ where user0_.token=?
Hibernate: select folder0_.id as id1_1_0_, folder0_.create_date as create_d2_1_0_, folder0_.name as name3_1_0_, folder0_.parent as parent4_1_0_, folder0_.path as path5_1_0_, folder0_.url as url6_1_0_ from folder folder0_ where folder0_.id=?
Hibernate: select folder0_.id as id1_1_0_, folder0_.create_date as create_d2_1_0_, folder0_.name as name3_1_0_, folder0_.parent as parent4_1_0_, folder0_.path as path5_1_0_, folder0_.url as url6_1_0_ from folder folder0_ where folder0_.id=?
Hibernate: select subfolders0_.parent as parent4_1_0_, subfolders0_.id as id1_1_0_, subfolders0_.id as id1_1_1_, subfolders0_.create_date as create_d2_1_1_, subfolders0_.name as name3_1_1_, subfolders0_.parent as parent4_1_1_, subfolders0_.path as path5_1_1_, subfolders0_.url as url6_1_1_ from folder subfolders0_ where subfolders0_.parent=?
Hibernate: select files0_.parent as parent4_1_0_, files0_.id as id1_0_0_, files0_.id as id1_0_1_, files0_.ext as ext2_0_1_, files0_.name as name3_0_1_, files0_.parent as parent4_0_1_, files0_.path as path5_0_1_, files0_.size as size6_0_1_, files0_.upload_date as upload_d7_0_1_, files0_.url as url8_0_1_ from file files0_ where files0_.parent=?
Hibernate: select user0_.id as id1_2_, user0_.home_id as home_id5_2_, user0_.password as password2_2_, user0_.token as token3_2_, user0_.username as username4_2_ from user user0_ where user0_.token=?
Hibernate: select folder0_.id as id1_1_0_, folder0_.create_date as create_d2_1_0_, folder0_.name as name3_1_0_, folder0_.parent as parent4_1_0_, folder0_.path as path5_1_0_, folder0_.url as url6_1_0_ from folder folder0_ where folder0_.id=?
Hibernate: select folder0_.id as id1_1_0_, folder0_.create_date as create_d2_1_0_, folder0_.name as name3_1_0_, folder0_.parent as parent4_1_0_, folder0_.path as path5_1_0_, folder0_.url as url6_1_0_ from folder folder0_ where folder0_.id=?
Hibernate: select subfolders0_.parent as parent4_1_0_, subfolders0_.id as id1_1_0_, subfolders0_.id as id1_1_1_, subfolders0_.create_date as create_d2_1_1_, subfolders0_.name as name3_1_1_, subfolders0_.parent as parent4_1_1_, subfolders0_.path as path5_1_1_, subfolders0_.url as url6_1_1_ from folder subfolders0_ where subfolders0_.parent=?
Hibernate: select files0_.parent as parent4_1_0_, files0_.id as id1_0_0_, files0_.id as id1_0_1_, files0_.ext as ext2_0_1_, files0_.name as name3_0_1_, files0_.parent as parent4_0_1_, files0_.path as path5_0_1_, files0_.size as size6_0_1_, files0_.upload_date as upload_d7_0_1_, files0_.url as url8_0_1_ from file files0_ where files0_.parent=?
Hibernate: select user0_.id as id1_2_, user0_.home_id as home_id5_2_, user0_.password as password2_2_, user0_.token as token3_2_, user0_.username as username4_2_ from user user0_ where user0_.token=?
Hibernate: select folder0_.id as id1_1_0_, folder0_.create_date as create_d2_1_0_, folder0_.name as name3_1_0_, folder0_.parent as parent4_1_0_, folder0_.path as path5_1_0_, folder0_.url as url6_1_0_ from folder folder0_ where folder0_.id=?
Hibernate: select folder0_.id as id1_1_0_, folder0_.create_date as create_d2_1_0_, folder0_.name as name3_1_0_, folder0_.parent as parent4_1_0_, folder0_.path as path5_1_0_, folder0_.url as url6_1_0_ from folder folder0_ where folder0_.id=?
Hibernate: select subfolders0_.parent as parent4_1_0_, subfolders0_.id as id1_1_0_, subfolders0_.id as id1_1_1_, subfolders0_.create_date as create_d2_1_1_, subfolders0_.name as name3_1_1_, subfolders0_.parent as parent4_1_1_, subfolders0_.path as path5_1_1_, subfolders0_.url as url6_1_1_ from folder subfolders0_ where subfolders0_.parent=?
Hibernate: select files0_.parent as parent4_1_0_, files0_.id as id1_0_0_, files0_.id as id1_0_1_, files0_.ext as ext2_0_1_, files0_.name as name3_0_1_, files0_.parent as parent4_0_1_, files0_.path as path5_0_1_, files0_.size as size6_0_1_, files0_.upload_date as upload_d7_0_1_, files0_.url as url8_0_1_ from file files0_ where files0_.parent=?
Hibernate: select user0_.id as id1_2_, user0_.home_id as home_id5_2_, user0_.password as password2_2_, user0_.token as token3_2_, user0_.username as username4_2_ from user user0_ where user0_.token=?
Hibernate: select folder0_.id as id1_1_0_, folder0_.create_date as create_d2_1_0_, folder0_.name as name3_1_0_, folder0_.parent as parent4_1_0_, folder0_.path as path5_1_0_, folder0_.url as url6_1_0_ from folder folder0_ where folder0_.id=?
Hibernate: select folder0_.id as id1_1_0_, folder0_.create_date as create_d2_1_0_, folder0_.name as name3_1_0_, folder0_.parent as parent4_1_0_, folder0_.path as path5_1_0_, folder0_.url as url6_1_0_ from folder folder0_ where folder0_.id=?
Hibernate: select file0_.id as id1_0_, file0_.ext as ext2_0_, file0_.name as name3_0_, file0_.parent as parent4_0_, file0_.path as path5_0_, file0_.size as size6_0_, file0_.upload_date as upload_d7_0_, file0_.url as url8_0_ from file file0_ where file0_.name=? and file0_.parent=?
Hibernate: select file0_.id as id1_0_0_, file0_.ext as ext2_0_0_, file0_.name as name3_0_0_, file0_.parent as parent4_0_0_, file0_.path as path5_0_0_, file0_.size as size6_0_0_, file0_.upload_date as upload_d7_0_0_, file0_.url as url8_0_0_ from file file0_ where file0_.id=?
Hibernate: select files0_.parent as parent4_1_0_, files0_.id as id1_0_0_, files0_.id as id1_0_1_, files0_.ext as ext2_0_1_, files0_.name as name3_0_1_, files0_.parent as parent4_0_1_, files0_.path as path5_0_1_, files0_.size as size6_0_1_, files0_.upload_date as upload_d7_0_1_, files0_.url as url8_0_1_ from file files0_ where files0_.parent=?
Hibernate: insert into file (ext, name, parent, path, size, upload_date, url, id) values (?, ?, ?, ?, ?, ?, ?, ?)
Hibernate: select user0_.id as id1_2_, user0_.home_id as home_id5_2_, user0_.password as password2_2_, user0_.token as token3_2_, user0_.username as username4_2_ from user user0_ where user0_.token=?
Hibernate: select folder0_.id as id1_1_0_, folder0_.create_date as create_d2_1_0_, folder0_.name as name3_1_0_, folder0_.parent as parent4_1_0_, folder0_.path as path5_1_0_, folder0_.url as url6_1_0_ from folder folder0_ where folder0_.id=?
Hibernate: select folder0_.id as id1_1_0_, folder0_.create_date as create_d2_1_0_, folder0_.name as name3_1_0_, folder0_.parent as parent4_1_0_, folder0_.path as path5_1_0_, folder0_.url as url6_1_0_ from folder folder0_ where folder0_.id=?
Hibernate: select subfolders0_.parent as parent4_1_0_, subfolders0_.id as id1_1_0_, subfolders0_.id as id1_1_1_, subfolders0_.create_date as create_d2_1_1_, subfolders0_.name as name3_1_1_, subfolders0_.parent as parent4_1_1_, subfolders0_.path as path5_1_1_, subfolders0_.url as url6_1_1_ from folder subfolders0_ where subfolders0_.parent=?
Hibernate: select files0_.parent as parent4_1_0_, files0_.id as id1_0_0_, files0_.id as id1_0_1_, files0_.ext as ext2_0_1_, files0_.name as name3_0_1_, files0_.parent as parent4_0_1_, files0_.path as path5_0_1_, files0_.size as size6_0_1_, files0_.upload_date as upload_d7_0_1_, files0_.url as url8_0_1_ from file files0_ where files0_.parent=?
Hibernate: select user0_.id as id1_2_, user0_.home_id as home_id5_2_, user0_.password as password2_2_, user0_.token as token3_2_, user0_.username as username4_2_ from user user0_ where user0_.username=?
Hibernate: select folder0_.id as id1_1_1_, folder0_.create_date as create_d2_1_1_, folder0_.name as name3_1_1_, folder0_.parent as parent4_1_1_, folder0_.path as path5_1_1_, folder0_.url as url6_1_1_, files1_.parent as parent4_1_3_, files1_.id as id1_0_3_, files1_.id as id1_0_0_, files1_.ext as ext2_0_0_, files1_.name as name3_0_0_, files1_.parent as parent4_0_0_, files1_.path as path5_0_0_, files1_.size as size6_0_0_, files1_.upload_date as upload_d7_0_0_, files1_.url as url8_0_0_ from folder folder0_ left outer join file files1_ on folder0_.id=files1_.parent where folder0_.id=?
Hibernate: insert into folder (create_date, name, parent, path, url, id) values (?, ?, ?, ?, ?, ?)
Hibernate: select user0_.id as id1_2_2_, user0_.home_id as home_id5_2_2_, user0_.password as password2_2_2_, user0_.token as token3_2_2_, user0_.username as username4_2_2_, folder1_.id as id1_1_0_, folder1_.create_date as create_d2_1_0_, folder1_.name as name3_1_0_, folder1_.parent as parent4_1_0_, folder1_.path as path5_1_0_, folder1_.url as url6_1_0_, files2_.parent as parent4_1_4_, files2_.id as id1_0_4_, files2_.id as id1_0_1_, files2_.ext as ext2_0_1_, files2_.name as name3_0_1_, files2_.parent as parent4_0_1_, files2_.path as path5_0_1_, files2_.size as size6_0_1_, files2_.upload_date as upload_d7_0_1_, files2_.url as url8_0_1_ from user user0_ left outer join folder folder1_ on user0_.home_id=folder1_.id left outer join file files2_ on folder1_.id=files2_.parent where user0_.id=?
Hibernate: insert into user (home_id, password, token, username, id) values (?, ?, ?, ?, ?)
Hibernate: select user0_.id as id1_2_, user0_.home_id as home_id5_2_, user0_.password as password2_2_, user0_.token as token3_2_, user0_.username as username4_2_ from user user0_ where user0_.username=? and user0_.password=?
2018-01-19 20:43:33.032  WARN 15153 --- [nio-8080-exec-2] o.h.engine.jdbc.spi.SqlExceptionHelper   : SQL Error: 0, SQLState: 08S01
2018-01-19 20:43:33.033 ERROR 15153 --- [nio-8080-exec-2] o.h.engine.jdbc.spi.SqlExceptionHelper   : The last packet successfully received from the server was 101,107,700 milliseconds ago.  The last packet sent successfully to the server was 101,107,700 milliseconds ago. is longer than the server configured value of 'wait_timeout'. You should consider either expiring and/or testing connection validity before use in your application, increasing the server configured values for client timeouts, or using the Connector/J connection property 'autoReconnect=true' to avoid this problem.
2018-01-19 20:43:33.070 ERROR 15153 --- [nio-8080-exec-2] o.a.c.c.C.[.[.[.[dispatcherServlet]      : Servlet.service() for servlet [dispatcherServlet] in context with path [/api] threw exception [Request processing failed; nested exception is org.springframework.dao.DataAccessResourceFailureException: could not extract ResultSet; nested exception is org.hibernate.exception.JDBCConnectionException: could not extract ResultSet] with root cause

java.net.SocketException: Broken pipe (Write failed)
	at java.net.SocketOutputStream.socketWrite0(Native Method) ~[na:1.8.0_151]
	at java.net.SocketOutputStream.socketWrite(SocketOutputStream.java:111) ~[na:1.8.0_151]
	at java.net.SocketOutputStream.write(SocketOutputStream.java:155) ~[na:1.8.0_151]
	at java.io.BufferedOutputStream.flushBuffer(BufferedOutputStream.java:82) ~[na:1.8.0_151]
	at java.io.BufferedOutputStream.flush(BufferedOutputStream.java:140) ~[na:1.8.0_151]
	at com.mysql.jdbc.MysqlIO.send(MysqlIO.java:3634) ~[mysql-connector-java-5.1.38.jar:5.1.38]
	at com.mysql.jdbc.MysqlIO.sendCommand(MysqlIO.java:2460) ~[mysql-connector-java-5.1.38.jar:5.1.38]
	at com.mysql.jdbc.MysqlIO.sqlQueryDirect(MysqlIO.java:2625) ~[mysql-connector-java-5.1.38.jar:5.1.38]
	at com.mysql.jdbc.ConnectionImpl.execSQL(ConnectionImpl.java:2551) ~[mysql-connector-java-5.1.38.jar:5.1.38]
	at com.mysql.jdbc.PreparedStatement.executeInternal(PreparedStatement.java:1861) ~[mysql-connector-java-5.1.38.jar:5.1.38]
	at com.mysql.jdbc.PreparedStatement.executeQuery(PreparedStatement.java:1962) ~[mysql-connector-java-5.1.38.jar:5.1.38]
	at org.hibernate.engine.jdbc.internal.ResultSetReturnImpl.extract(ResultSetReturnImpl.java:82) ~[hibernate-core-4.3.11.Final.jar:4.3.11.Final]
	at org.hibernate.loader.Loader.getResultSet(Loader.java:2066) ~[hibernate-core-4.3.11.Final.jar:4.3.11.Final]
	at org.hibernate.loader.Loader.executeQueryStatement(Loader.java:1863) ~[hibernate-core-4.3.11.Final.jar:4.3.11.Final]
	at org.hibernate.loader.Loader.executeQueryStatement(Loader.java:1839) ~[hibernate-core-4.3.11.Final.jar:4.3.11.Final]
	at org.hibernate.loader.Loader.doQuery(Loader.java:910) ~[hibernate-core-4.3.11.Final.jar:4.3.11.Final]
	at org.hibernate.loader.Loader.doQueryAndInitializeNonLazyCollections(Loader.java:355) ~[hibernate-core-4.3.11.Final.jar:4.3.11.Final]
	at org.hibernate.loader.Loader.doList(Loader.java:2554) ~[hibernate-core-4.3.11.Final.jar:4.3.11.Final]
	at org.hibernate.loader.Loader.doList(Loader.java:2540) ~[hibernate-core-4.3.11.Final.jar:4.3.11.Final]
	at org.hibernate.loader.Loader.listIgnoreQueryCache(Loader.java:2370) ~[hibernate-core-4.3.11.Final.jar:4.3.11.Final]
	at org.hibernate.loader.Loader.list(Loader.java:2365) ~[hibernate-core-4.3.11.Final.jar:4.3.11.Final]
	at org.hibernate.loader.hql.QueryLoader.list(QueryLoader.java:497) ~[hibernate-core-4.3.11.Final.jar:4.3.11.Final]
	at org.hibernate.hql.internal.ast.QueryTranslatorImpl.list(QueryTranslatorImpl.java:387) ~[hibernate-core-4.3.11.Final.jar:4.3.11.Final]
	at org.hibernate.engine.query.spi.HQLQueryPlan.performList(HQLQueryPlan.java:236) ~[hibernate-core-4.3.11.Final.jar:4.3.11.Final]
	at org.hibernate.internal.SessionImpl.list(SessionImpl.java:1300) ~[hibernate-core-4.3.11.Final.jar:4.3.11.Final]
	at org.hibernate.internal.QueryImpl.list(QueryImpl.java:103) ~[hibernate-core-4.3.11.Final.jar:4.3.11.Final]
	at org.hibernate.jpa.internal.QueryImpl.list(QueryImpl.java:573) ~[hibernate-entitymanager-4.3.11.Final.jar:4.3.11.Final]
	at org.hibernate.jpa.internal.QueryImpl.getSingleResult(QueryImpl.java:495) ~[hibernate-entitymanager-4.3.11.Final.jar:4.3.11.Final]
	at org.hibernate.jpa.criteria.compile.CriteriaQueryTypeQueryAdapter.getSingleResult(CriteriaQueryTypeQueryAdapter.java:71) ~[hibernate-entitymanager-4.3.11.Final.jar:4.3.11.Final]
	at org.springframework.data.jpa.repository.query.JpaQueryExecution$SingleEntityExecution.doExecute(JpaQueryExecution.java:206) ~[spring-data-jpa-1.9.4.RELEASE.jar:na]
	at org.springframework.data.jpa.repository.query.JpaQueryExecution.execute(JpaQueryExecution.java:78) ~[spring-data-jpa-1.9.4.RELEASE.jar:na]
	at org.springframework.data.jpa.repository.query.AbstractJpaQuery.doExecute(AbstractJpaQuery.java:100) ~[spring-data-jpa-1.9.4.RELEASE.jar:na]
	at org.springframework.data.jpa.repository.query.AbstractJpaQuery.execute(AbstractJpaQuery.java:91) ~[spring-data-jpa-1.9.4.RELEASE.jar:na]
	at org.springframework.data.repository.core.support.RepositoryFactorySupport$QueryExecutorMethodInterceptor.doInvoke(RepositoryFactorySupport.java:462) ~[spring-data-commons-1.11.4.RELEASE.jar:na]
	at org.springframework.data.repository.core.support.RepositoryFactorySupport$QueryExecutorMethodInterceptor.invoke(RepositoryFactorySupport.java:440) ~[spring-data-commons-1.11.4.RELEASE.jar:na]
	at org.springframework.aop.framework.ReflectiveMethodInvocation.proceed(ReflectiveMethodInvocation.java:179) ~[spring-aop-4.2.6.RELEASE.jar:4.2.6.RELEASE]
	at org.springframework.data.projection.DefaultMethodInvokingMethodInterceptor.invoke(DefaultMethodInvokingMethodInterceptor.java:61) ~[spring-data-commons-1.11.4.RELEASE.jar:na]
	at org.springframework.aop.framework.ReflectiveMethodInvocation.proceed(ReflectiveMethodInvocation.java:179) ~[spring-aop-4.2.6.RELEASE.jar:4.2.6.RELEASE]
	at org.springframework.transaction.interceptor.TransactionInterceptor$1.proceedWithInvocation(TransactionInterceptor.java:99) ~[spring-tx-4.2.6.RELEASE.jar:4.2.6.RELEASE]
	at org.springframework.transaction.interceptor.TransactionAspectSupport.invokeWithinTransaction(TransactionAspectSupport.java:281) ~[spring-tx-4.2.6.RELEASE.jar:4.2.6.RELEASE]
	at org.springframework.transaction.interceptor.TransactionInterceptor.invoke(TransactionInterceptor.java:96) ~[spring-tx-4.2.6.RELEASE.jar:4.2.6.RELEASE]
	at org.springframework.aop.framework.ReflectiveMethodInvocation.proceed(ReflectiveMethodInvocation.java:179) ~[spring-aop-4.2.6.RELEASE.jar:4.2.6.RELEASE]
	at org.springframework.dao.support.PersistenceExceptionTranslationInterceptor.invoke(PersistenceExceptionTranslationInterceptor.java:136) ~[spring-tx-4.2.6.RELEASE.jar:4.2.6.RELEASE]
	at org.springframework.aop.framework.ReflectiveMethodInvocation.proceed(ReflectiveMethodInvocation.java:179) ~[spring-aop-4.2.6.RELEASE.jar:4.2.6.RELEASE]
	at org.springframework.data.jpa.repository.support.CrudMethodMetadataPostProcessor$CrudMethodMetadataPopulatingMethodInterceptor.invoke(CrudMethodMetadataPostProcessor.java:131) ~[spring-data-jpa-1.9.4.RELEASE.jar:na]
	at org.springframework.aop.framework.ReflectiveMethodInvocation.proceed(ReflectiveMethodInvocation.java:179) ~[spring-aop-4.2.6.RELEASE.jar:4.2.6.RELEASE]
	at org.springframework.aop.interceptor.ExposeInvocationInterceptor.invoke(ExposeInvocationInterceptor.java:92) ~[spring-aop-4.2.6.RELEASE.jar:4.2.6.RELEASE]
	at org.springframework.aop.framework.ReflectiveMethodInvocation.proceed(ReflectiveMethodInvocation.java:179) ~[spring-aop-4.2.6.RELEASE.jar:4.2.6.RELEASE]
	at org.springframework.aop.framework.JdkDynamicAopProxy.invoke(JdkDynamicAopProxy.java:208) ~[spring-aop-4.2.6.RELEASE.jar:4.2.6.RELEASE]
	at com.sun.proxy.$Proxy105.findByUsernameAndPassword(Unknown Source) ~[na:na]
	at io.swagger.service.UserService.login(UserService.java:72) ~[classes/:na]
	at io.swagger.api.UsersApiController.loginUser(UsersApiController.java:37) ~[classes/:na]
	at sun.reflect.NativeMethodAccessorImpl.invoke0(Native Method) ~[na:1.8.0_151]
	at sun.reflect.NativeMethodAccessorImpl.invoke(NativeMethodAccessorImpl.java:62) ~[na:1.8.0_151]
	at sun.reflect.DelegatingMethodAccessorImpl.invoke(DelegatingMethodAccessorImpl.java:43) ~[na:1.8.0_151]
	at java.lang.reflect.Method.invoke(Method.java:498) ~[na:1.8.0_151]
	at org.springframework.web.method.support.InvocableHandlerMethod.doInvoke(InvocableHandlerMethod.java:221) ~[spring-web-4.2.6.RELEASE.jar:4.2.6.RELEASE]
	at org.springframework.web.method.support.InvocableHandlerMethod.invokeForRequest(InvocableHandlerMethod.java:136) ~[spring-web-4.2.6.RELEASE.jar:4.2.6.RELEASE]
	at org.springframework.web.servlet.mvc.method.annotation.ServletInvocableHandlerMethod.invokeAndHandle(ServletInvocableHandlerMethod.java:110) ~[spring-webmvc-4.2.6.RELEASE.jar:4.2.6.RELEASE]
	at org.springframework.web.servlet.mvc.method.annotation.RequestMappingHandlerAdapter.invokeHandlerMethod(RequestMappingHandlerAdapter.java:832) ~[spring-webmvc-4.2.6.RELEASE.jar:4.2.6.RELEASE]
	at org.springframework.web.servlet.mvc.method.annotation.RequestMappingHandlerAdapter.handleInternal(RequestMappingHandlerAdapter.java:743) ~[spring-webmvc-4.2.6.RELEASE.jar:4.2.6.RELEASE]
	at org.springframework.web.servlet.mvc.method.AbstractHandlerMethodAdapter.handle(AbstractHandlerMethodAdapter.java:85) ~[spring-webmvc-4.2.6.RELEASE.jar:4.2.6.RELEASE]
	at org.springframework.web.servlet.DispatcherServlet.doDispatch(DispatcherServlet.java:961) ~[spring-webmvc-4.2.6.RELEASE.jar:4.2.6.RELEASE]
	at org.springframework.web.servlet.DispatcherServlet.doService(DispatcherServlet.java:895) ~[spring-webmvc-4.2.6.RELEASE.jar:4.2.6.RELEASE]
	at org.springframework.web.servlet.FrameworkServlet.processRequest(FrameworkServlet.java:967) ~[spring-webmvc-4.2.6.RELEASE.jar:4.2.6.RELEASE]
	at org.springframework.web.servlet.FrameworkServlet.doPost(FrameworkServlet.java:869) ~[spring-webmvc-4.2.6.RELEASE.jar:4.2.6.RELEASE]
	at javax.servlet.http.HttpServlet.service(HttpServlet.java:648) ~[tomcat-embed-core-8.0.33.jar:8.0.33]
	at org.springframework.web.servlet.FrameworkServlet.service(FrameworkServlet.java:843) ~[spring-webmvc-4.2.6.RELEASE.jar:4.2.6.RELEASE]
	at javax.servlet.http.HttpServlet.service(HttpServlet.java:729) ~[tomcat-embed-core-8.0.33.jar:8.0.33]
	at org.apache.catalina.core.ApplicationFilterChain.internalDoFilter(ApplicationFilterChain.java:292) ~[tomcat-embed-core-8.0.33.jar:8.0.33]
	at org.apache.catalina.core.ApplicationFilterChain.doFilter(ApplicationFilterChain.java:207) ~[tomcat-embed-core-8.0.33.jar:8.0.33]
	at org.apache.tomcat.websocket.server.WsFilter.doFilter(WsFilter.java:52) ~[tomcat-embed-websocket-8.0.33.jar:8.0.33]
	at org.apache.catalina.core.ApplicationFilterChain.internalDoFilter(ApplicationFilterChain.java:240) ~[tomcat-embed-core-8.0.33.jar:8.0.33]
	at org.apache.catalina.core.ApplicationFilterChain.doFilter(ApplicationFilterChain.java:207) ~[tomcat-embed-core-8.0.33.jar:8.0.33]
	at org.springframework.web.filter.RequestContextFilter.doFilterInternal(RequestContextFilter.java:99) ~[spring-web-4.2.6.RELEASE.jar:4.2.6.RELEASE]
	at org.springframework.web.filter.OncePerRequestFilter.doFilter(OncePerRequestFilter.java:107) ~[spring-web-4.2.6.RELEASE.jar:4.2.6.RELEASE]
	at org.apache.catalina.core.ApplicationFilterChain.internalDoFilter(ApplicationFilterChain.java:240) ~[tomcat-embed-core-8.0.33.jar:8.0.33]
	at org.apache.catalina.core.ApplicationFilterChain.doFilter(ApplicationFilterChain.java:207) ~[tomcat-embed-core-8.0.33.jar:8.0.33]
	at org.springframework.web.filter.HttpPutFormContentFilter.doFilterInternal(HttpPutFormContentFilter.java:87) ~[spring-web-4.2.6.RELEASE.jar:4.2.6.RELEASE]
	at org.springframework.web.filter.OncePerRequestFilter.doFilter(OncePerRequestFilter.java:107) ~[spring-web-4.2.6.RELEASE.jar:4.2.6.RELEASE]
	at org.apache.catalina.core.ApplicationFilterChain.internalDoFilter(ApplicationFilterChain.java:240) ~[tomcat-embed-core-8.0.33.jar:8.0.33]
	at org.apache.catalina.core.ApplicationFilterChain.doFilter(ApplicationFilterChain.java:207) ~[tomcat-embed-core-8.0.33.jar:8.0.33]
	at org.springframework.web.filter.HiddenHttpMethodFilter.doFilterInternal(HiddenHttpMethodFilter.java:77) ~[spring-web-4.2.6.RELEASE.jar:4.2.6.RELEASE]
	at org.springframework.web.filter.OncePerRequestFilter.doFilter(OncePerRequestFilter.java:107) ~[spring-web-4.2.6.RELEASE.jar:4.2.6.RELEASE]
	at org.apache.catalina.core.ApplicationFilterChain.internalDoFilter(ApplicationFilterChain.java:240) ~[tomcat-embed-core-8.0.33.jar:8.0.33]
	at org.apache.catalina.core.ApplicationFilterChain.doFilter(ApplicationFilterChain.java:207) ~[tomcat-embed-core-8.0.33.jar:8.0.33]
	at org.springframework.web.filter.CharacterEncodingFilter.doFilterInternal(CharacterEncodingFilter.java:121) ~[spring-web-4.2.6.RELEASE.jar:4.2.6.RELEASE]
	at org.springframework.web.filter.OncePerRequestFilter.doFilter(OncePerRequestFilter.java:107) ~[spring-web-4.2.6.RELEASE.jar:4.2.6.RELEASE]
	at org.apache.catalina.core.ApplicationFilterChain.internalDoFilter(ApplicationFilterChain.java:240) ~[tomcat-embed-core-8.0.33.jar:8.0.33]
	at org.apache.catalina.core.ApplicationFilterChain.doFilter(ApplicationFilterChain.java:207) ~[tomcat-embed-core-8.0.33.jar:8.0.33]
	at org.apache.catalina.core.StandardWrapperValve.invoke(StandardWrapperValve.java:212) ~[tomcat-embed-core-8.0.33.jar:8.0.33]
	at org.apache.catalina.core.StandardContextValve.invoke(StandardContextValve.java:106) [tomcat-embed-core-8.0.33.jar:8.0.33]
	at org.apache.catalina.authenticator.AuthenticatorBase.invoke(AuthenticatorBase.java:502) [tomcat-embed-core-8.0.33.jar:8.0.33]
	at org.apache.catalina.core.StandardHostValve.invoke(StandardHostValve.java:141) [tomcat-embed-core-8.0.33.jar:8.0.33]
	at org.apache.catalina.valves.ErrorReportValve.invoke(ErrorReportValve.java:79) [tomcat-embed-core-8.0.33.jar:8.0.33]
	at org.apache.catalina.core.StandardEngineValve.invoke(StandardEngineValve.java:88) [tomcat-embed-core-8.0.33.jar:8.0.33]
	at org.apache.catalina.connector.CoyoteAdapter.service(CoyoteAdapter.java:522) [tomcat-embed-core-8.0.33.jar:8.0.33]
	at org.apache.coyote.http11.AbstractHttp11Processor.process(AbstractHttp11Processor.java:1095) [tomcat-embed-core-8.0.33.jar:8.0.33]
	at org.apache.coyote.AbstractProtocol$AbstractConnectionHandler.process(AbstractProtocol.java:672) [tomcat-embed-core-8.0.33.jar:8.0.33]
	at org.apache.tomcat.util.net.NioEndpoint$SocketProcessor.doRun(NioEndpoint.java:1502) [tomcat-embed-core-8.0.33.jar:8.0.33]
	at org.apache.tomcat.util.net.NioEndpoint$SocketProcessor.run(NioEndpoint.java:1458) [tomcat-embed-core-8.0.33.jar:8.0.33]
	at java.util.concurrent.ThreadPoolExecutor.runWorker(ThreadPoolExecutor.java:1149) [na:1.8.0_151]
	at java.util.concurrent.ThreadPoolExecutor$Worker.run(ThreadPoolExecutor.java:624) [na:1.8.0_151]
	at org.apache.tomcat.util.threads.TaskThread$WrappingRunnable.run(TaskThread.java:61) [tomcat-embed-core-8.0.33.jar:8.0.33]
	at java.lang.Thread.run(Thread.java:748) [na:1.8.0_151]

